{"/home/travis/build/webpro/jquery-evergreen/dist/jquery-evergreen.js":{"path":"/home/travis/build/webpro/jquery-evergreen/dist/jquery-evergreen.js","s":{"1":1,"2":1,"3":33,"4":12,"5":0,"6":0,"7":0,"8":0,"9":0,"10":0,"11":12,"12":12,"13":31,"14":31,"15":33,"16":1,"17":1,"18":1,"19":1,"20":1,"21":1,"22":1,"23":1,"24":1,"25":1,"26":1,"27":1,"28":1,"29":1,"30":1,"31":1,"32":1,"33":1,"34":1,"35":1,"36":1,"37":1,"38":1,"39":1,"40":1,"41":1,"42":1,"43":1,"44":1,"45":1,"46":1,"47":1,"48":1,"49":1,"50":1,"51":1,"52":1,"53":1,"54":1,"55":1,"56":1,"57":1,"58":1,"59":1,"60":6,"61":1,"62":2,"63":1,"64":2,"65":1,"66":1,"67":1,"68":15,"69":1,"70":1,"71":1,"72":1,"73":3,"74":0,"75":3,"76":11,"77":5,"78":10,"79":6,"80":3,"81":1,"82":1,"83":1,"84":1,"85":4,"86":4,"87":4,"88":1,"89":2,"90":2,"91":2,"92":1,"93":3,"94":3,"95":3,"96":1,"97":4,"98":7,"99":1,"100":1,"101":1,"102":1,"103":1,"104":1,"105":40,"106":23,"107":15,"108":8,"109":0,"110":8,"111":8,"112":17,"113":17,"114":23,"115":23,"116":40,"117":1,"118":38,"119":30,"120":6,"121":24,"122":16,"123":8,"124":8,"125":8,"126":8,"127":14,"128":14,"129":38,"130":1,"131":38,"132":30,"133":6,"134":24,"135":16,"136":8,"137":8,"138":8,"139":8,"140":14,"141":14,"142":38,"143":1,"144":18,"145":6,"146":12,"147":0,"148":12,"149":12,"150":24,"151":0,"152":1,"153":1,"154":1,"155":1,"156":1,"157":1,"158":30,"159":17,"160":17,"161":30,"162":30,"163":30,"164":30,"165":30,"166":46,"167":21,"168":46,"169":46,"170":30,"171":1,"172":10,"173":3,"174":3,"175":10,"176":9,"177":9,"178":9,"179":10,"180":18,"181":18,"182":1,"183":8,"184":1,"185":17,"186":65,"187":19,"188":19,"189":17,"190":0,"191":10,"192":1,"193":10,"194":1,"195":4,"196":1,"197":24,"198":24,"199":24,"200":36,"201":34,"202":2,"203":24,"204":1,"205":35,"206":0,"207":35,"208":35,"209":35,"210":0,"211":0,"212":0,"213":1,"214":2,"215":2,"216":2,"217":2,"218":2,"219":4,"220":4,"221":1,"222":1,"223":1,"224":1,"225":1,"226":64,"227":9,"228":64,"229":64,"230":1,"231":1,"232":1,"233":1,"234":1,"235":1,"236":1,"237":13,"238":13,"239":13,"240":0,"241":13,"242":1,"243":1,"244":1,"245":1,"246":1,"247":29,"248":29,"249":29,"250":29,"251":1,"252":1,"253":1,"254":1,"255":1,"256":1,"257":1,"258":1,"259":0,"260":1,"261":1,"262":1,"263":1,"264":1,"265":1,"266":1,"267":1,"268":1,"269":2,"270":1,"271":1,"272":1,"273":1,"274":1,"275":1,"276":1,"277":1,"278":3,"279":3,"280":3,"281":3,"282":3,"283":1,"284":3,"285":1,"286":3,"287":1,"288":1,"289":51,"290":36,"291":1,"292":51,"293":1,"294":1,"295":1,"296":15,"297":15,"298":1,"299":21,"300":1,"301":1,"302":1,"303":15,"304":15,"305":1,"306":21,"307":1,"308":1,"309":1,"310":1,"311":1,"312":1,"313":1,"314":1,"315":1,"316":1,"317":1,"318":106,"319":106,"320":5,"321":101,"322":27,"323":74,"324":15,"325":59,"326":59,"327":106,"328":1,"329":2,"330":1,"331":59,"332":59,"333":37,"334":16,"335":21,"336":19,"337":2,"338":22,"339":1,"340":15,"341":0,"342":15,"343":15,"344":15,"345":27,"346":15,"347":1,"348":105,"349":105,"350":105,"351":0,"352":0,"353":105,"354":1,"355":1,"356":1,"357":1,"358":0,"359":1,"360":31,"361":1,"362":95,"363":95,"364":95,"365":148,"366":0,"367":95,"368":1,"369":1,"370":1,"371":1,"372":1,"373":1,"374":1,"375":1},"b":{"1":[12,21],"2":[0,12],"3":[0,0],"4":[0,0],"5":[0,0],"6":[0,0],"7":[30,1],"8":[1,0],"9":[0,3],"10":[3,2],"11":[0,0],"12":[5,6],"13":[23,17],"14":[15,8],"15":[0,8],"16":[0,8],"17":[17,6],"18":[30,8],"19":[6,24],"20":[16,8],"21":[0,8],"22":[8,6],"23":[30,8],"24":[6,24],"25":[16,8],"26":[0,8],"27":[8,6],"28":[6,12],"29":[0,12],"30":[12,0],"31":[17,13],"32":[30,0],"33":[30,26],"34":[21,25],"35":[46,46],"36":[3,7],"37":[9,1],"38":[18,0],"39":[1,17],"40":[18,1,1,1],"41":[8,8],"42":[65,65,19,1,19,18,19,11],"43":[19,19],"44":[0,17],"45":[24,23],"46":[34,2],"47":[36,35,35],"48":[0,35],"49":[35,35],"50":[35,0],"51":[0,0],"52":[2,0],"53":[9,55],"54":[9,0],"55":[64,10],"56":[1,0],"57":[13,12],"58":[13,0],"59":[0,13],"60":[1,0],"61":[1,1,1,1,0,0],"62":[29,0],"63":[1,0],"64":[1,0],"65":[1,1],"66":[0,1],"67":[2,1],"68":[3,0],"69":[1,2],"70":[3,2],"71":[1,2],"72":[3,1],"73":[1,1],"74":[1,1],"75":[36,15],"76":[5,101],"77":[27,74],"78":[15,59],"79":[3,56],"80":[0,3],"81":[2,1],"82":[1,105],"83":[37,22],"84":[59,37],"85":[16,21],"86":[15,1],"87":[19,2],"88":[0,15],"89":[42,63],"90":[47,16],"91":[105,0],"92":[27,4],"93":[31,5],"94":[95,0]},"f":{"1":1,"2":33,"3":31,"4":1,"5":6,"6":2,"7":2,"8":1,"9":1,"10":3,"11":11,"12":1,"13":4,"14":4,"15":2,"16":2,"17":3,"18":3,"19":4,"20":7,"21":1,"22":40,"23":38,"24":38,"25":18,"26":24,"27":1,"28":30,"29":46,"30":10,"31":18,"32":8,"33":65,"34":19,"35":10,"36":4,"37":24,"38":36,"39":35,"40":2,"41":64,"42":1,"43":13,"44":1,"45":1,"46":29,"47":1,"48":0,"49":1,"50":2,"51":1,"52":1,"53":3,"54":51,"55":51,"56":1,"57":1,"58":1,"59":1,"60":1,"61":106,"62":2,"63":59,"64":15,"65":105,"66":1,"67":0,"68":31,"69":95,"70":1,"71":1},"fnMap":{"1":{"name":"e","line":1,"loc":{"start":{"line":1,"column":9},"end":{"line":1,"column":26}}},"2":{"name":"s","line":1,"loc":{"start":{"line":1,"column":12},"end":{"line":1,"column":42}}},"3":{"name":"(anonymous_3)","line":1,"loc":{"start":{"line":1,"column":242},"end":{"line":1,"column":253}}},"4":{"name":"(anonymous_4)","line":1,"loc":{"start":{"line":1,"column":421},"end":{"line":1,"column":453}}},"5":{"name":"(anonymous_5)","line":82,"loc":{"start":{"line":82,"column":65},"end":{"line":82,"column":86}}},"6":{"name":"(anonymous_6)","line":93,"loc":{"start":{"line":93,"column":19},"end":{"line":93,"column":30}}},"7":{"name":"(anonymous_7)","line":97,"loc":{"start":{"line":97,"column":23},"end":{"line":97,"column":34}}},"8":{"name":"(anonymous_8)","line":101,"loc":{"start":{"line":101,"column":15},"end":{"line":101,"column":42}}},"9":{"name":"(anonymous_9)","line":117,"loc":{"start":{"line":117,"column":107},"end":{"line":117,"column":139}}},"10":{"name":"(anonymous_10)","line":131,"loc":{"start":{"line":131,"column":11},"end":{"line":131,"column":32}}},"11":{"name":"(anonymous_11)","line":137,"loc":{"start":{"line":137,"column":15},"end":{"line":137,"column":33}}},"12":{"name":"(anonymous_12)","line":153,"loc":{"start":{"line":153,"column":20},"end":{"line":153,"column":52}}},"13":{"name":"(anonymous_13)","line":169,"loc":{"start":{"line":169,"column":15},"end":{"line":169,"column":31}}},"14":{"name":"(anonymous_14)","line":170,"loc":{"start":{"line":170,"column":15},"end":{"line":170,"column":33}}},"15":{"name":"(anonymous_15)","line":185,"loc":{"start":{"line":185,"column":18},"end":{"line":185,"column":34}}},"16":{"name":"(anonymous_16)","line":186,"loc":{"start":{"line":186,"column":15},"end":{"line":186,"column":33}}},"17":{"name":"(anonymous_17)","line":201,"loc":{"start":{"line":201,"column":18},"end":{"line":201,"column":34}}},"18":{"name":"(anonymous_18)","line":202,"loc":{"start":{"line":202,"column":15},"end":{"line":202,"column":33}}},"19":{"name":"(anonymous_19)","line":218,"loc":{"start":{"line":218,"column":15},"end":{"line":218,"column":31}}},"20":{"name":"(anonymous_20)","line":219,"loc":{"start":{"line":219,"column":35},"end":{"line":219,"column":53}}},"21":{"name":"(anonymous_21)","line":230,"loc":{"start":{"line":230,"column":20},"end":{"line":230,"column":52}}},"22":{"name":"(anonymous_22)","line":246,"loc":{"start":{"line":246,"column":13},"end":{"line":246,"column":31}}},"23":{"name":"(anonymous_23)","line":278,"loc":{"start":{"line":278,"column":13},"end":{"line":278,"column":31}}},"24":{"name":"(anonymous_24)","line":310,"loc":{"start":{"line":310,"column":12},"end":{"line":310,"column":30}}},"25":{"name":"(anonymous_25)","line":339,"loc":{"start":{"line":339,"column":12},"end":{"line":339,"column":30}}},"26":{"name":"(anonymous_26)","line":345,"loc":{"start":{"line":345,"column":36},"end":{"line":345,"column":49}}},"27":{"name":"(anonymous_27)","line":357,"loc":{"start":{"line":357,"column":20},"end":{"line":357,"column":52}}},"28":{"name":"(anonymous_28)","line":379,"loc":{"start":{"line":379,"column":9},"end":{"line":379,"column":60}}},"29":{"name":"(anonymous_29)","line":392,"loc":{"start":{"line":392,"column":15},"end":{"line":392,"column":33}}},"30":{"name":"(anonymous_30)","line":426,"loc":{"start":{"line":426,"column":10},"end":{"line":426,"column":61}}},"31":{"name":"(anonymous_31)","line":439,"loc":{"start":{"line":439,"column":15},"end":{"line":439,"column":33}}},"32":{"name":"(anonymous_32)","line":445,"loc":{"start":{"line":445,"column":27},"end":{"line":445,"column":42}}},"33":{"name":"(anonymous_33)","line":453,"loc":{"start":{"line":453,"column":33},"end":{"line":453,"column":48}}},"34":{"name":"(anonymous_34)","line":458,"loc":{"start":{"line":458,"column":16},"end":{"line":458,"column":31}}},"35":{"name":"(anonymous_35)","line":486,"loc":{"start":{"line":486,"column":15},"end":{"line":486,"column":49}}},"36":{"name":"(anonymous_36)","line":503,"loc":{"start":{"line":503,"column":17},"end":{"line":503,"column":51}}},"37":{"name":"(anonymous_37)","line":522,"loc":{"start":{"line":522,"column":14},"end":{"line":522,"column":37}}},"38":{"name":"(anonymous_38)","line":525,"loc":{"start":{"line":525,"column":15},"end":{"line":525,"column":33}}},"39":{"name":"(anonymous_39)","line":544,"loc":{"start":{"line":544,"column":27},"end":{"line":544,"column":45}}},"40":{"name":"(anonymous_40)","line":572,"loc":{"start":{"line":572,"column":21},"end":{"line":572,"column":53}}},"41":{"name":"(anonymous_41)","line":597,"loc":{"start":{"line":597,"column":18},"end":{"line":597,"column":36}}},"42":{"name":"(anonymous_42)","line":613,"loc":{"start":{"line":613,"column":20},"end":{"line":613,"column":38}}},"43":{"name":"(anonymous_43)","line":634,"loc":{"start":{"line":634,"column":22},"end":{"line":634,"column":57}}},"44":{"name":"(anonymous_44)","line":646,"loc":{"start":{"line":646,"column":23},"end":{"line":646,"column":34}}},"45":{"name":"(anonymous_45)","line":656,"loc":{"start":{"line":656,"column":1},"end":{"line":656,"column":12}}},"46":{"name":"(anonymous_46)","line":657,"loc":{"start":{"line":657,"column":22},"end":{"line":657,"column":46}}},"47":{"name":"(anonymous_47)","line":670,"loc":{"start":{"line":670,"column":37},"end":{"line":670,"column":48}}},"48":{"name":"(anonymous_48)","line":677,"loc":{"start":{"line":677,"column":37},"end":{"line":677,"column":48}}},"49":{"name":"(anonymous_49)","line":692,"loc":{"start":{"line":692,"column":20},"end":{"line":692,"column":52}}},"50":{"name":"(anonymous_50)","line":708,"loc":{"start":{"line":708,"column":11},"end":{"line":708,"column":30}}},"51":{"name":"(anonymous_51)","line":714,"loc":{"start":{"line":714,"column":15},"end":{"line":714,"column":33}}},"52":{"name":"(anonymous_52)","line":724,"loc":{"start":{"line":724,"column":20},"end":{"line":724,"column":52}}},"53":{"name":"(anonymous_53)","line":756,"loc":{"start":{"line":756,"column":13},"end":{"line":756,"column":30}}},"54":{"name":"(anonymous_54)","line":779,"loc":{"start":{"line":779,"column":14},"end":{"line":779,"column":40}}},"55":{"name":"(anonymous_55)","line":793,"loc":{"start":{"line":793,"column":16},"end":{"line":793,"column":35}}},"56":{"name":"(anonymous_56)","line":801,"loc":{"start":{"line":801,"column":30},"end":{"line":801,"column":69}}},"57":{"name":"(anonymous_57)","line":820,"loc":{"start":{"line":820,"column":32},"end":{"line":820,"column":71}}},"58":{"name":"(anonymous_58)","line":838,"loc":{"start":{"line":838,"column":20},"end":{"line":838,"column":52}}},"59":{"name":"(anonymous_59)","line":856,"loc":{"start":{"line":856,"column":17},"end":{"line":856,"column":28}}},"60":{"name":"(anonymous_60)","line":864,"loc":{"start":{"line":864,"column":20},"end":{"line":864,"column":52}}},"61":{"name":"(anonymous_61)","line":891,"loc":{"start":{"line":891,"column":8},"end":{"line":891,"column":36}}},"62":{"name":"(anonymous_62)","line":927,"loc":{"start":{"line":927,"column":11},"end":{"line":927,"column":30}}},"63":{"name":"(anonymous_63)","line":941,"loc":{"start":{"line":941,"column":20},"end":{"line":941,"column":48}}},"64":{"name":"(anonymous_64)","line":968,"loc":{"start":{"line":968,"column":21},"end":{"line":968,"column":36}}},"65":{"name":"(anonymous_65)","line":996,"loc":{"start":{"line":996,"column":11},"end":{"line":996,"column":32}}},"66":{"name":"(anonymous_66)","line":1016,"loc":{"start":{"line":1016,"column":21},"end":{"line":1016,"column":53}}},"67":{"name":"(anonymous_67)","line":1033,"loc":{"start":{"line":1033,"column":14},"end":{"line":1033,"column":35}}},"68":{"name":"(anonymous_68)","line":1047,"loc":{"start":{"line":1047,"column":19},"end":{"line":1047,"column":37}}},"69":{"name":"(anonymous_69)","line":1061,"loc":{"start":{"line":1061,"column":11},"end":{"line":1061,"column":42}}},"70":{"name":"(anonymous_70)","line":1077,"loc":{"start":{"line":1077,"column":25},"end":{"line":1077,"column":57}}},"71":{"name":"(anonymous_71)","line":1079,"loc":{"start":{"line":1079,"column":16},"end":{"line":1079,"column":48}}}},"statementMap":{"1":{"start":{"line":1,"column":0},"end":{"line":1096,"column":34}},"2":{"start":{"line":1,"column":12},"end":{"line":1,"column":329}},"3":{"start":{"line":1,"column":43},"end":{"line":1,"column":309}},"4":{"start":{"line":1,"column":53},"end":{"line":1,"column":195}},"5":{"start":{"line":1,"column":63},"end":{"line":1,"column":105}},"6":{"start":{"line":1,"column":105},"end":{"line":1,"column":129}},"7":{"start":{"line":1,"column":114},"end":{"line":1,"column":129}},"8":{"start":{"line":1,"column":129},"end":{"line":1,"column":149}},"9":{"start":{"line":1,"column":134},"end":{"line":1,"column":149}},"10":{"start":{"line":1,"column":149},"end":{"line":1,"column":194}},"11":{"start":{"line":1,"column":195},"end":{"line":1,"column":219}},"12":{"start":{"line":1,"column":219},"end":{"line":1,"column":308}},"13":{"start":{"line":1,"column":254},"end":{"line":1,"column":271}},"14":{"start":{"line":1,"column":271},"end":{"line":1,"column":286}},"15":{"start":{"line":1,"column":309},"end":{"line":1,"column":328}},"16":{"start":{"line":1,"column":329},"end":{"line":1,"column":371}},"17":{"start":{"line":1,"column":371},"end":{"line":1,"column":406}},"18":{"start":{"line":1,"column":398},"end":{"line":1,"column":406}},"19":{"start":{"line":1,"column":406},"end":{"line":1,"column":414}},"20":{"start":{"line":11,"column":0},"end":{"line":12,"column":11}},"21":{"start":{"line":15,"column":0},"end":{"line":15,"column":40}},"22":{"start":{"line":16,"column":0},"end":{"line":16,"column":16}},"23":{"start":{"line":20,"column":0},"end":{"line":20,"column":43}},"24":{"start":{"line":21,"column":0},"end":{"line":21,"column":49}},"25":{"start":{"line":22,"column":0},"end":{"line":22,"column":49}},"26":{"start":{"line":23,"column":0},"end":{"line":23,"column":43}},"27":{"start":{"line":24,"column":0},"end":{"line":24,"column":24}},"28":{"start":{"line":25,"column":0},"end":{"line":25,"column":30}},"29":{"start":{"line":26,"column":0},"end":{"line":26,"column":30}},"30":{"start":{"line":27,"column":0},"end":{"line":27,"column":24}},"31":{"start":{"line":31,"column":0},"end":{"line":31,"column":37}},"32":{"start":{"line":32,"column":0},"end":{"line":32,"column":37}},"33":{"start":{"line":33,"column":0},"end":{"line":33,"column":35}},"34":{"start":{"line":34,"column":0},"end":{"line":34,"column":20}},"35":{"start":{"line":35,"column":0},"end":{"line":35,"column":20}},"36":{"start":{"line":36,"column":0},"end":{"line":36,"column":18}},"37":{"start":{"line":40,"column":0},"end":{"line":40,"column":31}},"38":{"start":{"line":41,"column":0},"end":{"line":41,"column":33}},"39":{"start":{"line":42,"column":0},"end":{"line":42,"column":43}},"40":{"start":{"line":43,"column":0},"end":{"line":43,"column":47}},"41":{"start":{"line":44,"column":0},"end":{"line":44,"column":41}},"42":{"start":{"line":45,"column":0},"end":{"line":45,"column":12}},"43":{"start":{"line":46,"column":0},"end":{"line":46,"column":14}},"44":{"start":{"line":47,"column":0},"end":{"line":47,"column":24}},"45":{"start":{"line":48,"column":0},"end":{"line":48,"column":28}},"46":{"start":{"line":49,"column":0},"end":{"line":49,"column":22}},"47":{"start":{"line":53,"column":0},"end":{"line":53,"column":40}},"48":{"start":{"line":54,"column":0},"end":{"line":54,"column":16}},"49":{"start":{"line":58,"column":0},"end":{"line":58,"column":32}},"50":{"start":{"line":59,"column":0},"end":{"line":59,"column":38}},"51":{"start":{"line":60,"column":0},"end":{"line":60,"column":16}},"52":{"start":{"line":64,"column":0},"end":{"line":64,"column":42}},"53":{"start":{"line":65,"column":0},"end":{"line":65,"column":38}},"54":{"start":{"line":66,"column":0},"end":{"line":66,"column":22}},"55":{"start":{"line":67,"column":0},"end":{"line":67,"column":18}},"56":{"start":{"line":71,"column":0},"end":{"line":71,"column":52}},"57":{"start":{"line":72,"column":0},"end":{"line":72,"column":26}},"58":{"start":{"line":80,"column":0},"end":{"line":80,"column":21}},"59":{"start":{"line":82,"column":0},"end":{"line":84,"column":3}},"60":{"start":{"line":83,"column":4},"end":{"line":83,"column":58}},"61":{"start":{"line":93,"column":0},"end":{"line":95,"column":2}},"62":{"start":{"line":94,"column":4},"end":{"line":94,"column":15}},"63":{"start":{"line":97,"column":0},"end":{"line":99,"column":2}},"64":{"start":{"line":98,"column":4},"end":{"line":98,"column":23}},"65":{"start":{"line":101,"column":0},"end":{"line":112,"column":20}},"66":{"start":{"line":103,"column":4},"end":{"line":104,"column":12}},"67":{"start":{"line":106,"column":4},"end":{"line":108,"column":5}},"68":{"start":{"line":107,"column":8},"end":{"line":107,"column":32}},"69":{"start":{"line":110,"column":4},"end":{"line":110,"column":19}},"70":{"start":{"line":116,"column":0},"end":{"line":116,"column":23}},"71":{"start":{"line":121,"column":0},"end":{"line":121,"column":34}},"72":{"start":{"line":131,"column":0},"end":{"line":148,"column":2}},"73":{"start":{"line":133,"column":4},"end":{"line":135,"column":5}},"74":{"start":{"line":134,"column":8},"end":{"line":134,"column":66}},"75":{"start":{"line":137,"column":4},"end":{"line":145,"column":7}},"76":{"start":{"line":138,"column":8},"end":{"line":144,"column":9}},"77":{"start":{"line":139,"column":12},"end":{"line":141,"column":13}},"78":{"start":{"line":140,"column":16},"end":{"line":140,"column":54}},"79":{"start":{"line":143,"column":12},"end":{"line":143,"column":45}},"80":{"start":{"line":147,"column":4},"end":{"line":147,"column":16}},"81":{"start":{"line":152,"column":0},"end":{"line":152,"column":26}},"82":{"start":{"line":157,"column":0},"end":{"line":157,"column":50}},"83":{"start":{"line":158,"column":0},"end":{"line":158,"column":34}},"84":{"start":{"line":169,"column":0},"end":{"line":174,"column":2}},"85":{"start":{"line":170,"column":4},"end":{"line":172,"column":7}},"86":{"start":{"line":171,"column":8},"end":{"line":171,"column":37}},"87":{"start":{"line":173,"column":4},"end":{"line":173,"column":16}},"88":{"start":{"line":185,"column":0},"end":{"line":190,"column":2}},"89":{"start":{"line":186,"column":4},"end":{"line":188,"column":7}},"90":{"start":{"line":187,"column":8},"end":{"line":187,"column":40}},"91":{"start":{"line":189,"column":4},"end":{"line":189,"column":16}},"92":{"start":{"line":201,"column":0},"end":{"line":206,"column":2}},"93":{"start":{"line":202,"column":4},"end":{"line":204,"column":7}},"94":{"start":{"line":203,"column":8},"end":{"line":203,"column":40}},"95":{"start":{"line":205,"column":4},"end":{"line":205,"column":16}},"96":{"start":{"line":218,"column":0},"end":{"line":222,"column":2}},"97":{"start":{"line":219,"column":4},"end":{"line":221,"column":7}},"98":{"start":{"line":220,"column":8},"end":{"line":220,"column":49}},"99":{"start":{"line":226,"column":0},"end":{"line":226,"column":28}},"100":{"start":{"line":227,"column":0},"end":{"line":227,"column":34}},"101":{"start":{"line":228,"column":0},"end":{"line":228,"column":34}},"102":{"start":{"line":229,"column":0},"end":{"line":229,"column":28}},"103":{"start":{"line":234,"column":0},"end":{"line":234,"column":40}},"104":{"start":{"line":246,"column":0},"end":{"line":266,"column":2}},"105":{"start":{"line":247,"column":4},"end":{"line":264,"column":5}},"106":{"start":{"line":248,"column":8},"end":{"line":257,"column":9}},"107":{"start":{"line":249,"column":12},"end":{"line":249,"column":58}},"108":{"start":{"line":251,"column":12},"end":{"line":256,"column":13}},"109":{"start":{"line":252,"column":16},"end":{"line":252,"column":42}},"110":{"start":{"line":254,"column":16},"end":{"line":254,"column":88}},"111":{"start":{"line":255,"column":16},"end":{"line":255,"column":62}},"112":{"start":{"line":259,"column":8},"end":{"line":259,"column":28}},"113":{"start":{"line":260,"column":8},"end":{"line":263,"column":9}},"114":{"start":{"line":261,"column":12},"end":{"line":261,"column":57}},"115":{"start":{"line":262,"column":12},"end":{"line":262,"column":38}},"116":{"start":{"line":265,"column":4},"end":{"line":265,"column":16}},"117":{"start":{"line":278,"column":0},"end":{"line":298,"column":2}},"118":{"start":{"line":279,"column":4},"end":{"line":296,"column":5}},"119":{"start":{"line":280,"column":8},"end":{"line":289,"column":9}},"120":{"start":{"line":281,"column":12},"end":{"line":281,"column":60}},"121":{"start":{"line":283,"column":12},"end":{"line":288,"column":13}},"122":{"start":{"line":284,"column":16},"end":{"line":284,"column":60}},"123":{"start":{"line":286,"column":16},"end":{"line":286,"column":88}},"124":{"start":{"line":287,"column":16},"end":{"line":287,"column":52}},"125":{"start":{"line":291,"column":8},"end":{"line":291,"column":28}},"126":{"start":{"line":292,"column":8},"end":{"line":295,"column":9}},"127":{"start":{"line":293,"column":12},"end":{"line":293,"column":57}},"128":{"start":{"line":294,"column":12},"end":{"line":294,"column":38}},"129":{"start":{"line":297,"column":4},"end":{"line":297,"column":16}},"130":{"start":{"line":310,"column":0},"end":{"line":330,"column":2}},"131":{"start":{"line":311,"column":4},"end":{"line":328,"column":5}},"132":{"start":{"line":312,"column":8},"end":{"line":321,"column":9}},"133":{"start":{"line":313,"column":12},"end":{"line":313,"column":57}},"134":{"start":{"line":315,"column":12},"end":{"line":320,"column":13}},"135":{"start":{"line":316,"column":16},"end":{"line":316,"column":72}},"136":{"start":{"line":318,"column":16},"end":{"line":318,"column":88}},"137":{"start":{"line":319,"column":16},"end":{"line":319,"column":61}},"138":{"start":{"line":323,"column":8},"end":{"line":323,"column":28}},"139":{"start":{"line":324,"column":8},"end":{"line":327,"column":9}},"140":{"start":{"line":325,"column":12},"end":{"line":325,"column":57}},"141":{"start":{"line":326,"column":12},"end":{"line":326,"column":37}},"142":{"start":{"line":329,"column":4},"end":{"line":329,"column":16}},"143":{"start":{"line":339,"column":0},"end":{"line":350,"column":2}},"144":{"start":{"line":340,"column":4},"end":{"line":348,"column":5}},"145":{"start":{"line":341,"column":8},"end":{"line":341,"column":23}},"146":{"start":{"line":342,"column":11},"end":{"line":348,"column":5}},"147":{"start":{"line":343,"column":8},"end":{"line":343,"column":39}},"148":{"start":{"line":344,"column":11},"end":{"line":348,"column":5}},"149":{"start":{"line":345,"column":8},"end":{"line":347,"column":11}},"150":{"start":{"line":346,"column":12},"end":{"line":346,"column":38}},"151":{"start":{"line":349,"column":4},"end":{"line":349,"column":19}},"152":{"start":{"line":354,"column":0},"end":{"line":354,"column":24}},"153":{"start":{"line":355,"column":0},"end":{"line":355,"column":24}},"154":{"start":{"line":356,"column":0},"end":{"line":356,"column":22}},"155":{"start":{"line":361,"column":0},"end":{"line":361,"column":38}},"156":{"start":{"line":362,"column":0},"end":{"line":362,"column":34}},"157":{"start":{"line":379,"column":0},"end":{"line":410,"column":2}},"158":{"start":{"line":381,"column":4},"end":{"line":384,"column":5}},"159":{"start":{"line":382,"column":8},"end":{"line":382,"column":27}},"160":{"start":{"line":383,"column":8},"end":{"line":383,"column":24}},"161":{"start":{"line":386,"column":4},"end":{"line":386,"column":37}},"162":{"start":{"line":387,"column":4},"end":{"line":387,"column":33}},"163":{"start":{"line":388,"column":4},"end":{"line":388,"column":37}},"164":{"start":{"line":390,"column":4},"end":{"line":390,"column":32}},"165":{"start":{"line":392,"column":4},"end":{"line":407,"column":7}},"166":{"start":{"line":394,"column":8},"end":{"line":396,"column":9}},"167":{"start":{"line":395,"column":12},"end":{"line":395,"column":77}},"168":{"start":{"line":398,"column":8},"end":{"line":398,"column":80}},"169":{"start":{"line":400,"column":8},"end":{"line":406,"column":11}},"170":{"start":{"line":409,"column":4},"end":{"line":409,"column":16}},"171":{"start":{"line":426,"column":0},"end":{"line":471,"column":2}},"172":{"start":{"line":428,"column":4},"end":{"line":431,"column":5}},"173":{"start":{"line":429,"column":8},"end":{"line":429,"column":27}},"174":{"start":{"line":430,"column":8},"end":{"line":430,"column":24}},"175":{"start":{"line":433,"column":4},"end":{"line":437,"column":5}},"176":{"start":{"line":434,"column":8},"end":{"line":434,"column":41}},"177":{"start":{"line":435,"column":8},"end":{"line":435,"column":29}},"178":{"start":{"line":436,"column":8},"end":{"line":436,"column":33}},"179":{"start":{"line":439,"column":4},"end":{"line":468,"column":7}},"180":{"start":{"line":441,"column":8},"end":{"line":441,"column":50}},"181":{"start":{"line":443,"column":8},"end":{"line":466,"column":9}},"182":{"start":{"line":445,"column":12},"end":{"line":447,"column":15}},"183":{"start":{"line":446,"column":16},"end":{"line":446,"column":101}},"184":{"start":{"line":449,"column":12},"end":{"line":449,"column":35}},"185":{"start":{"line":453,"column":12},"end":{"line":461,"column":15}},"186":{"start":{"line":454,"column":16},"end":{"line":457,"column":63}},"187":{"start":{"line":459,"column":16},"end":{"line":459,"column":101}},"188":{"start":{"line":460,"column":16},"end":{"line":460,"column":59}},"189":{"start":{"line":463,"column":12},"end":{"line":465,"column":13}},"190":{"start":{"line":464,"column":16},"end":{"line":464,"column":39}},"191":{"start":{"line":470,"column":4},"end":{"line":470,"column":16}},"192":{"start":{"line":486,"column":0},"end":{"line":488,"column":2}},"193":{"start":{"line":487,"column":4},"end":{"line":487,"column":50}},"194":{"start":{"line":503,"column":0},"end":{"line":505,"column":2}},"195":{"start":{"line":504,"column":4},"end":{"line":504,"column":51}},"196":{"start":{"line":522,"column":0},"end":{"line":533,"column":2}},"197":{"start":{"line":523,"column":4},"end":{"line":523,"column":78}},"198":{"start":{"line":524,"column":4},"end":{"line":524,"column":46}},"199":{"start":{"line":525,"column":4},"end":{"line":531,"column":7}},"200":{"start":{"line":526,"column":8},"end":{"line":530,"column":9}},"201":{"start":{"line":527,"column":12},"end":{"line":527,"column":41}},"202":{"start":{"line":529,"column":12},"end":{"line":529,"column":50}},"203":{"start":{"line":532,"column":4},"end":{"line":532,"column":16}},"204":{"start":{"line":544,"column":0},"end":{"line":555,"column":2}},"205":{"start":{"line":545,"column":4},"end":{"line":547,"column":5}},"206":{"start":{"line":546,"column":8},"end":{"line":546,"column":20}},"207":{"start":{"line":548,"column":4},"end":{"line":548,"column":58}},"208":{"start":{"line":549,"column":4},"end":{"line":553,"column":5}},"209":{"start":{"line":550,"column":8},"end":{"line":550,"column":43}},"210":{"start":{"line":551,"column":11},"end":{"line":553,"column":5}},"211":{"start":{"line":552,"column":8},"end":{"line":552,"column":99}},"212":{"start":{"line":554,"column":4},"end":{"line":554,"column":17}},"213":{"start":{"line":572,"column":0},"end":{"line":581,"column":2}},"214":{"start":{"line":573,"column":4},"end":{"line":573,"column":26}},"215":{"start":{"line":574,"column":4},"end":{"line":574,"column":27}},"216":{"start":{"line":575,"column":4},"end":{"line":575,"column":46}},"217":{"start":{"line":576,"column":4},"end":{"line":576,"column":28}},"218":{"start":{"line":577,"column":4},"end":{"line":580,"column":5}},"219":{"start":{"line":578,"column":8},"end":{"line":578,"column":37}},"220":{"start":{"line":579,"column":8},"end":{"line":579,"column":37}},"221":{"start":{"line":592,"column":0},"end":{"line":592,"column":26}},"222":{"start":{"line":593,"column":0},"end":{"line":593,"column":11}},"223":{"start":{"line":594,"column":0},"end":{"line":594,"column":18}},"224":{"start":{"line":595,"column":0},"end":{"line":595,"column":20}},"225":{"start":{"line":597,"column":0},"end":{"line":603,"column":2}},"226":{"start":{"line":598,"column":4},"end":{"line":600,"column":5}},"227":{"start":{"line":599,"column":8},"end":{"line":599,"column":82}},"228":{"start":{"line":601,"column":4},"end":{"line":601,"column":36}},"229":{"start":{"line":602,"column":4},"end":{"line":602,"column":49}},"230":{"start":{"line":613,"column":0},"end":{"line":620,"column":2}},"231":{"start":{"line":614,"column":4},"end":{"line":614,"column":36}},"232":{"start":{"line":615,"column":4},"end":{"line":619,"column":5}},"233":{"start":{"line":616,"column":8},"end":{"line":616,"column":29}},"234":{"start":{"line":617,"column":8},"end":{"line":617,"column":28}},"235":{"start":{"line":618,"column":8},"end":{"line":618,"column":29}},"236":{"start":{"line":634,"column":0},"end":{"line":642,"column":2}},"237":{"start":{"line":635,"column":4},"end":{"line":635,"column":52}},"238":{"start":{"line":636,"column":4},"end":{"line":641,"column":5}},"239":{"start":{"line":637,"column":8},"end":{"line":639,"column":9}},"240":{"start":{"line":638,"column":12},"end":{"line":638,"column":46}},"241":{"start":{"line":640,"column":8},"end":{"line":640,"column":41}},"242":{"start":{"line":646,"column":0},"end":{"line":649,"column":5}},"243":{"start":{"line":647,"column":4},"end":{"line":647,"column":78}},"244":{"start":{"line":648,"column":4},"end":{"line":648,"column":174}},"245":{"start":{"line":656,"column":0},"end":{"line":666,"column":5}},"246":{"start":{"line":657,"column":4},"end":{"line":662,"column":6}},"247":{"start":{"line":658,"column":8},"end":{"line":658,"column":84}},"248":{"start":{"line":659,"column":8},"end":{"line":659,"column":54}},"249":{"start":{"line":660,"column":8},"end":{"line":660,"column":85}},"250":{"start":{"line":661,"column":8},"end":{"line":661,"column":19}},"251":{"start":{"line":664,"column":4},"end":{"line":664,"column":79}},"252":{"start":{"line":665,"column":4},"end":{"line":665,"column":37}},"253":{"start":{"line":670,"column":0},"end":{"line":683,"column":5}},"254":{"start":{"line":671,"column":4},"end":{"line":672,"column":30}},"255":{"start":{"line":673,"column":4},"end":{"line":681,"column":5}},"256":{"start":{"line":674,"column":8},"end":{"line":675,"column":39}},"257":{"start":{"line":676,"column":8},"end":{"line":676,"column":34}},"258":{"start":{"line":677,"column":8},"end":{"line":679,"column":11}},"259":{"start":{"line":678,"column":12},"end":{"line":678,"column":30}},"260":{"start":{"line":680,"column":8},"end":{"line":680,"column":69}},"261":{"start":{"line":682,"column":4},"end":{"line":682,"column":22}},"262":{"start":{"line":687,"column":0},"end":{"line":687,"column":16}},"263":{"start":{"line":688,"column":0},"end":{"line":688,"column":18}},"264":{"start":{"line":689,"column":0},"end":{"line":689,"column":28}},"265":{"start":{"line":690,"column":0},"end":{"line":690,"column":32}},"266":{"start":{"line":691,"column":0},"end":{"line":691,"column":26}},"267":{"start":{"line":696,"column":0},"end":{"line":696,"column":34}},"268":{"start":{"line":708,"column":0},"end":{"line":719,"column":2}},"269":{"start":{"line":710,"column":4},"end":{"line":712,"column":5}},"270":{"start":{"line":711,"column":8},"end":{"line":711,"column":58}},"271":{"start":{"line":714,"column":4},"end":{"line":716,"column":7}},"272":{"start":{"line":715,"column":8},"end":{"line":715,"column":37}},"273":{"start":{"line":717,"column":4},"end":{"line":717,"column":16}},"274":{"start":{"line":723,"column":0},"end":{"line":723,"column":26}},"275":{"start":{"line":752,"column":0},"end":{"line":752,"column":38}},"276":{"start":{"line":754,"column":0},"end":{"line":754,"column":21}},"277":{"start":{"line":756,"column":0},"end":{"line":769,"column":2}},"278":{"start":{"line":757,"column":4},"end":{"line":757,"column":29}},"279":{"start":{"line":758,"column":4},"end":{"line":758,"column":59}},"280":{"start":{"line":759,"column":4},"end":{"line":761,"column":5}},"281":{"start":{"line":760,"column":8},"end":{"line":760,"column":37}},"282":{"start":{"line":762,"column":4},"end":{"line":764,"column":5}},"283":{"start":{"line":763,"column":8},"end":{"line":763,"column":82}},"284":{"start":{"line":765,"column":4},"end":{"line":767,"column":5}},"285":{"start":{"line":766,"column":8},"end":{"line":766,"column":84}},"286":{"start":{"line":768,"column":4},"end":{"line":768,"column":20}},"287":{"start":{"line":771,"column":0},"end":{"line":772,"column":74}},"288":{"start":{"line":779,"column":0},"end":{"line":787,"column":2}},"289":{"start":{"line":780,"column":4},"end":{"line":786,"column":5}},"290":{"start":{"line":781,"column":8},"end":{"line":785,"column":11}},"291":{"start":{"line":793,"column":0},"end":{"line":795,"column":2}},"292":{"start":{"line":794,"column":4},"end":{"line":794,"column":20}},"293":{"start":{"line":801,"column":0},"end":{"line":813,"column":2}},"294":{"start":{"line":803,"column":4},"end":{"line":803,"column":12}},"295":{"start":{"line":805,"column":4},"end":{"line":808,"column":5}},"296":{"start":{"line":806,"column":8},"end":{"line":806,"column":50}},"297":{"start":{"line":807,"column":8},"end":{"line":807,"column":54}},"298":{"start":{"line":810,"column":4},"end":{"line":812,"column":5}},"299":{"start":{"line":811,"column":8},"end":{"line":811,"column":58}},"300":{"start":{"line":820,"column":0},"end":{"line":832,"column":2}},"301":{"start":{"line":822,"column":4},"end":{"line":822,"column":12}},"302":{"start":{"line":824,"column":4},"end":{"line":827,"column":5}},"303":{"start":{"line":825,"column":8},"end":{"line":825,"column":34}},"304":{"start":{"line":826,"column":8},"end":{"line":826,"column":38}},"305":{"start":{"line":829,"column":4},"end":{"line":831,"column":5}},"306":{"start":{"line":830,"column":8},"end":{"line":830,"column":38}},"307":{"start":{"line":836,"column":0},"end":{"line":836,"column":28}},"308":{"start":{"line":837,"column":0},"end":{"line":837,"column":24}},"309":{"start":{"line":840,"column":0},"end":{"line":840,"column":38}},"310":{"start":{"line":851,"column":0},"end":{"line":851,"column":27}},"311":{"start":{"line":856,"column":0},"end":{"line":859,"column":2}},"312":{"start":{"line":857,"column":4},"end":{"line":857,"column":27}},"313":{"start":{"line":858,"column":4},"end":{"line":858,"column":16}},"314":{"start":{"line":863,"column":0},"end":{"line":863,"column":32}},"315":{"start":{"line":870,"column":0},"end":{"line":870,"column":50}},"316":{"start":{"line":872,"column":0},"end":{"line":876,"column":40}},"317":{"start":{"line":891,"column":0},"end":{"line":917,"column":2}},"318":{"start":{"line":893,"column":4},"end":{"line":893,"column":19}},"319":{"start":{"line":895,"column":4},"end":{"line":913,"column":5}},"320":{"start":{"line":897,"column":8},"end":{"line":897,"column":53}},"321":{"start":{"line":899,"column":11},"end":{"line":913,"column":5}},"322":{"start":{"line":901,"column":8},"end":{"line":901,"column":44}},"323":{"start":{"line":903,"column":11},"end":{"line":913,"column":5}},"324":{"start":{"line":905,"column":8},"end":{"line":905,"column":46}},"325":{"start":{"line":909,"column":8},"end":{"line":909,"column":141}},"326":{"start":{"line":911,"column":8},"end":{"line":911,"column":54}},"327":{"start":{"line":915,"column":4},"end":{"line":915,"column":54}},"328":{"start":{"line":927,"column":0},"end":{"line":929,"column":2}},"329":{"start":{"line":928,"column":4},"end":{"line":928,"column":29}},"330":{"start":{"line":941,"column":0},"end":{"line":957,"column":2}},"331":{"start":{"line":943,"column":4},"end":{"line":943,"column":59}},"332":{"start":{"line":945,"column":4},"end":{"line":953,"column":5}},"333":{"start":{"line":946,"column":8},"end":{"line":948,"column":9}},"334":{"start":{"line":947,"column":12},"end":{"line":947,"column":99}},"335":{"start":{"line":949,"column":8},"end":{"line":951,"column":9}},"336":{"start":{"line":950,"column":12},"end":{"line":950,"column":69}},"337":{"start":{"line":952,"column":8},"end":{"line":952,"column":54}},"338":{"start":{"line":955,"column":4},"end":{"line":955,"column":46}},"339":{"start":{"line":968,"column":0},"end":{"line":985,"column":2}},"340":{"start":{"line":970,"column":4},"end":{"line":972,"column":5}},"341":{"start":{"line":971,"column":8},"end":{"line":971,"column":49}},"342":{"start":{"line":974,"column":4},"end":{"line":976,"column":40}},"343":{"start":{"line":978,"column":4},"end":{"line":978,"column":31}},"344":{"start":{"line":980,"column":4},"end":{"line":982,"column":5}},"345":{"start":{"line":981,"column":8},"end":{"line":981,"column":35}},"346":{"start":{"line":984,"column":4},"end":{"line":984,"column":20}},"347":{"start":{"line":996,"column":0},"end":{"line":1010,"column":2}},"348":{"start":{"line":998,"column":4},"end":{"line":999,"column":31}},"349":{"start":{"line":1001,"column":4},"end":{"line":1007,"column":5}},"350":{"start":{"line":1002,"column":8},"end":{"line":1002,"column":36}},"351":{"start":{"line":1004,"column":8},"end":{"line":1006,"column":9}},"352":{"start":{"line":1005,"column":12},"end":{"line":1005,"column":40}},"353":{"start":{"line":1009,"column":4},"end":{"line":1009,"column":19}},"354":{"start":{"line":1014,"column":0},"end":{"line":1014,"column":14}},"355":{"start":{"line":1015,"column":0},"end":{"line":1015,"column":20}},"356":{"start":{"line":1022,"column":0},"end":{"line":1022,"column":43}},"357":{"start":{"line":1033,"column":0},"end":{"line":1035,"column":2}},"358":{"start":{"line":1034,"column":4},"end":{"line":1034,"column":37}},"359":{"start":{"line":1047,"column":0},"end":{"line":1049,"column":2}},"360":{"start":{"line":1048,"column":4},"end":{"line":1048,"column":84}},"361":{"start":{"line":1061,"column":0},"end":{"line":1071,"column":2}},"362":{"start":{"line":1062,"column":4},"end":{"line":1062,"column":35}},"363":{"start":{"line":1063,"column":4},"end":{"line":1069,"column":5}},"364":{"start":{"line":1064,"column":8},"end":{"line":1066,"column":9}},"365":{"start":{"line":1065,"column":12},"end":{"line":1065,"column":36}},"366":{"start":{"line":1068,"column":8},"end":{"line":1068,"column":29}},"367":{"start":{"line":1070,"column":4},"end":{"line":1070,"column":22}},"368":{"start":{"line":1073,"column":0},"end":{"line":1073,"column":24}},"369":{"start":{"line":1074,"column":0},"end":{"line":1074,"column":26}},"370":{"start":{"line":1075,"column":0},"end":{"line":1075,"column":36}},"371":{"start":{"line":1076,"column":0},"end":{"line":1076,"column":20}},"372":{"start":{"line":1078,"column":0},"end":{"line":1078,"column":33}},"373":{"start":{"line":1093,"column":0},"end":{"line":1093,"column":39}},"374":{"start":{"line":1095,"column":0},"end":{"line":1095,"column":23}},"375":{"start":{"line":1096,"column":34},"end":{"line":1096,"column":81}}},"branchMap":{"1":{"line":1,"type":"if","locations":[{"start":{"line":1,"column":28},"end":{"line":1,"column":28}},{"start":{"line":1,"column":28},"end":{"line":1,"column":28}}]},"2":{"line":1,"type":"if","locations":[{"start":{"line":1,"column":38},"end":{"line":1,"column":38}},{"start":{"line":1,"column":38},"end":{"line":1,"column":38}}]},"3":{"line":1,"type":"binary-expr","locations":[{"start":{"line":1,"column":69},"end":{"line":1,"column":95}},{"start":{"line":1,"column":97},"end":{"line":1,"column":104}}]},"4":{"line":1,"type":"if","locations":[{"start":{"line":1,"column":90},"end":{"line":1,"column":90}},{"start":{"line":1,"column":90},"end":{"line":1,"column":90}}]},"5":{"line":1,"type":"binary-expr","locations":[{"start":{"line":1,"column":108},"end":{"line":1,"column":110}},{"start":{"line":1,"column":112},"end":{"line":1,"column":113}}]},"6":{"line":1,"type":"if","locations":[{"start":{"line":1,"column":114},"end":{"line":1,"column":114}},{"start":{"line":1,"column":114},"end":{"line":1,"column":114}}]},"7":{"line":1,"type":"cond-expr","locations":[{"start":{"line":1,"column":282},"end":{"line":1,"column":283}},{"start":{"line":1,"column":284},"end":{"line":1,"column":285}}]},"8":{"line":1,"type":"binary-expr","locations":[{"start":{"line":1,"column":335},"end":{"line":1,"column":361}},{"start":{"line":1,"column":363},"end":{"line":1,"column":370}}]},"9":{"line":133,"type":"if","locations":[{"start":{"line":133,"column":4},"end":{"line":133,"column":4}},{"start":{"line":133,"column":4},"end":{"line":133,"column":4}}]},"10":{"line":133,"type":"binary-expr","locations":[{"start":{"line":133,"column":8},"end":{"line":133,"column":31}},{"start":{"line":133,"column":35},"end":{"line":133,"column":63}}]},"11":{"line":134,"type":"cond-expr","locations":[{"start":{"line":134,"column":32},"end":{"line":134,"column":36}},{"start":{"line":134,"column":39},"end":{"line":134,"column":46}}]},"12":{"line":138,"type":"if","locations":[{"start":{"line":138,"column":8},"end":{"line":138,"column":8}},{"start":{"line":138,"column":8},"end":{"line":138,"column":8}}]},"13":{"line":247,"type":"if","locations":[{"start":{"line":247,"column":4},"end":{"line":247,"column":4}},{"start":{"line":247,"column":4},"end":{"line":247,"column":4}}]},"14":{"line":248,"type":"if","locations":[{"start":{"line":248,"column":8},"end":{"line":248,"column":8}},{"start":{"line":248,"column":8},"end":{"line":248,"column":8}}]},"15":{"line":251,"type":"if","locations":[{"start":{"line":251,"column":12},"end":{"line":251,"column":12}},{"start":{"line":251,"column":12},"end":{"line":251,"column":12}}]},"16":{"line":254,"type":"cond-expr","locations":[{"start":{"line":254,"column":61},"end":{"line":254,"column":77}},{"start":{"line":254,"column":80},"end":{"line":254,"column":87}}]},"17":{"line":261,"type":"cond-expr","locations":[{"start":{"line":261,"column":32},"end":{"line":261,"column":39}},{"start":{"line":261,"column":42},"end":{"line":261,"column":56}}]},"18":{"line":279,"type":"if","locations":[{"start":{"line":279,"column":4},"end":{"line":279,"column":4}},{"start":{"line":279,"column":4},"end":{"line":279,"column":4}}]},"19":{"line":280,"type":"if","locations":[{"start":{"line":280,"column":8},"end":{"line":280,"column":8}},{"start":{"line":280,"column":8},"end":{"line":280,"column":8}}]},"20":{"line":283,"type":"if","locations":[{"start":{"line":283,"column":12},"end":{"line":283,"column":12}},{"start":{"line":283,"column":12},"end":{"line":283,"column":12}}]},"21":{"line":286,"type":"cond-expr","locations":[{"start":{"line":286,"column":61},"end":{"line":286,"column":77}},{"start":{"line":286,"column":80},"end":{"line":286,"column":87}}]},"22":{"line":293,"type":"cond-expr","locations":[{"start":{"line":293,"column":32},"end":{"line":293,"column":39}},{"start":{"line":293,"column":42},"end":{"line":293,"column":56}}]},"23":{"line":311,"type":"if","locations":[{"start":{"line":311,"column":4},"end":{"line":311,"column":4}},{"start":{"line":311,"column":4},"end":{"line":311,"column":4}}]},"24":{"line":312,"type":"if","locations":[{"start":{"line":312,"column":8},"end":{"line":312,"column":8}},{"start":{"line":312,"column":8},"end":{"line":312,"column":8}}]},"25":{"line":315,"type":"if","locations":[{"start":{"line":315,"column":12},"end":{"line":315,"column":12}},{"start":{"line":315,"column":12},"end":{"line":315,"column":12}}]},"26":{"line":318,"type":"cond-expr","locations":[{"start":{"line":318,"column":61},"end":{"line":318,"column":77}},{"start":{"line":318,"column":80},"end":{"line":318,"column":87}}]},"27":{"line":325,"type":"cond-expr","locations":[{"start":{"line":325,"column":32},"end":{"line":325,"column":39}},{"start":{"line":325,"column":42},"end":{"line":325,"column":56}}]},"28":{"line":340,"type":"if","locations":[{"start":{"line":340,"column":4},"end":{"line":340,"column":4}},{"start":{"line":340,"column":4},"end":{"line":340,"column":4}}]},"29":{"line":342,"type":"if","locations":[{"start":{"line":342,"column":11},"end":{"line":342,"column":11}},{"start":{"line":342,"column":11},"end":{"line":342,"column":11}}]},"30":{"line":344,"type":"if","locations":[{"start":{"line":344,"column":11},"end":{"line":344,"column":11}},{"start":{"line":344,"column":11},"end":{"line":344,"column":11}}]},"31":{"line":381,"type":"if","locations":[{"start":{"line":381,"column":4},"end":{"line":381,"column":4}},{"start":{"line":381,"column":4},"end":{"line":381,"column":4}}]},"32":{"line":387,"type":"binary-expr","locations":[{"start":{"line":387,"column":16},"end":{"line":387,"column":24}},{"start":{"line":387,"column":28},"end":{"line":387,"column":32}}]},"33":{"line":388,"type":"binary-expr","locations":[{"start":{"line":388,"column":20},"end":{"line":388,"column":28}},{"start":{"line":388,"column":32},"end":{"line":388,"column":36}}]},"34":{"line":394,"type":"if","locations":[{"start":{"line":394,"column":8},"end":{"line":394,"column":8}},{"start":{"line":394,"column":8},"end":{"line":394,"column":8}}]},"35":{"line":398,"type":"binary-expr","locations":[{"start":{"line":398,"column":59},"end":{"line":398,"column":69}},{"start":{"line":398,"column":73},"end":{"line":398,"column":78}}]},"36":{"line":428,"type":"if","locations":[{"start":{"line":428,"column":4},"end":{"line":428,"column":4}},{"start":{"line":428,"column":4},"end":{"line":428,"column":4}}]},"37":{"line":433,"type":"if","locations":[{"start":{"line":433,"column":4},"end":{"line":433,"column":4}},{"start":{"line":433,"column":4},"end":{"line":433,"column":4}}]},"38":{"line":441,"type":"binary-expr","locations":[{"start":{"line":441,"column":23},"end":{"line":441,"column":43}},{"start":{"line":441,"column":47},"end":{"line":441,"column":49}}]},"39":{"line":443,"type":"if","locations":[{"start":{"line":443,"column":8},"end":{"line":443,"column":8}},{"start":{"line":443,"column":8},"end":{"line":443,"column":8}}]},"40":{"line":443,"type":"binary-expr","locations":[{"start":{"line":443,"column":12},"end":{"line":443,"column":22}},{"start":{"line":443,"column":26},"end":{"line":443,"column":36}},{"start":{"line":443,"column":40},"end":{"line":443,"column":49}},{"start":{"line":443,"column":53},"end":{"line":443,"column":61}}]},"41":{"line":446,"type":"binary-expr","locations":[{"start":{"line":446,"column":80},"end":{"line":446,"column":90}},{"start":{"line":446,"column":94},"end":{"line":446,"column":99}}]},"42":{"line":454,"type":"binary-expr","locations":[{"start":{"line":454,"column":25},"end":{"line":454,"column":35}},{"start":{"line":454,"column":39},"end":{"line":454,"column":67}},{"start":{"line":455,"column":21},"end":{"line":455,"column":31}},{"start":{"line":455,"column":35},"end":{"line":455,"column":63}},{"start":{"line":456,"column":21},"end":{"line":456,"column":29}},{"start":{"line":456,"column":33},"end":{"line":456,"column":57}},{"start":{"line":457,"column":21},"end":{"line":457,"column":30}},{"start":{"line":457,"column":34},"end":{"line":457,"column":60}}]},"43":{"line":459,"type":"binary-expr","locations":[{"start":{"line":459,"column":80},"end":{"line":459,"column":90}},{"start":{"line":459,"column":94},"end":{"line":459,"column":99}}]},"44":{"line":463,"type":"if","locations":[{"start":{"line":463,"column":12},"end":{"line":463,"column":12}},{"start":{"line":463,"column":12},"end":{"line":463,"column":12}}]},"45":{"line":523,"type":"binary-expr","locations":[{"start":{"line":523,"column":13},"end":{"line":523,"column":19}},{"start":{"line":523,"column":23},"end":{"line":523,"column":77}}]},"46":{"line":526,"type":"if","locations":[{"start":{"line":526,"column":8},"end":{"line":526,"column":8}},{"start":{"line":526,"column":8},"end":{"line":526,"column":8}}]},"47":{"line":526,"type":"binary-expr","locations":[{"start":{"line":526,"column":12},"end":{"line":526,"column":27}},{"start":{"line":526,"column":31},"end":{"line":526,"column":60}},{"start":{"line":526,"column":64},"end":{"line":526,"column":93}}]},"48":{"line":545,"type":"if","locations":[{"start":{"line":545,"column":4},"end":{"line":545,"column":4}},{"start":{"line":545,"column":4},"end":{"line":545,"column":4}}]},"49":{"line":545,"type":"binary-expr","locations":[{"start":{"line":545,"column":8},"end":{"line":545,"column":26}},{"start":{"line":545,"column":30},"end":{"line":545,"column":50}}]},"50":{"line":549,"type":"if","locations":[{"start":{"line":549,"column":4},"end":{"line":549,"column":4}},{"start":{"line":549,"column":4},"end":{"line":549,"column":4}}]},"51":{"line":551,"type":"if","locations":[{"start":{"line":551,"column":11},"end":{"line":551,"column":11}},{"start":{"line":551,"column":11},"end":{"line":551,"column":11}}]},"52":{"line":573,"type":"binary-expr","locations":[{"start":{"line":573,"column":13},"end":{"line":573,"column":19}},{"start":{"line":573,"column":23},"end":{"line":573,"column":25}}]},"53":{"line":598,"type":"if","locations":[{"start":{"line":598,"column":4},"end":{"line":598,"column":4}},{"start":{"line":598,"column":4},"end":{"line":598,"column":4}}]},"54":{"line":599,"type":"cond-expr","locations":[{"start":{"line":599,"column":58},"end":{"line":599,"column":62}},{"start":{"line":599,"column":65},"end":{"line":599,"column":81}}]},"55":{"line":602,"type":"binary-expr","locations":[{"start":{"line":602,"column":11},"end":{"line":602,"column":24}},{"start":{"line":602,"column":29},"end":{"line":602,"column":47}}]},"56":{"line":615,"type":"if","locations":[{"start":{"line":615,"column":4},"end":{"line":615,"column":4}},{"start":{"line":615,"column":4},"end":{"line":615,"column":4}}]},"57":{"line":635,"type":"binary-expr","locations":[{"start":{"line":635,"column":22},"end":{"line":635,"column":35}},{"start":{"line":635,"column":39},"end":{"line":635,"column":51}}]},"58":{"line":636,"type":"if","locations":[{"start":{"line":636,"column":4},"end":{"line":636,"column":4}},{"start":{"line":636,"column":4},"end":{"line":636,"column":4}}]},"59":{"line":637,"type":"if","locations":[{"start":{"line":637,"column":8},"end":{"line":637,"column":8}},{"start":{"line":637,"column":8},"end":{"line":637,"column":8}}]},"60":{"line":647,"type":"cond-expr","locations":[{"start":{"line":647,"column":51},"end":{"line":647,"column":68}},{"start":{"line":647,"column":71},"end":{"line":647,"column":77}}]},"61":{"line":648,"type":"binary-expr","locations":[{"start":{"line":648,"column":11},"end":{"line":648,"column":26}},{"start":{"line":648,"column":30},"end":{"line":648,"column":53}},{"start":{"line":648,"column":57},"end":{"line":648,"column":83}},{"start":{"line":648,"column":87},"end":{"line":648,"column":116}},{"start":{"line":648,"column":120},"end":{"line":648,"column":145}},{"start":{"line":648,"column":149},"end":{"line":648,"column":173}}]},"62":{"line":658,"type":"binary-expr","locations":[{"start":{"line":658,"column":17},"end":{"line":658,"column":23}},{"start":{"line":658,"column":27},"end":{"line":658,"column":83}}]},"63":{"line":664,"type":"binary-expr","locations":[{"start":{"line":664,"column":28},"end":{"line":664,"column":46}},{"start":{"line":664,"column":50},"end":{"line":664,"column":78}}]},"64":{"line":673,"type":"if","locations":[{"start":{"line":673,"column":4},"end":{"line":673,"column":4}},{"start":{"line":673,"column":4},"end":{"line":673,"column":4}}]},"65":{"line":710,"type":"if","locations":[{"start":{"line":710,"column":4},"end":{"line":710,"column":4}},{"start":{"line":710,"column":4},"end":{"line":710,"column":4}}]},"66":{"line":711,"type":"cond-expr","locations":[{"start":{"line":711,"column":32},"end":{"line":711,"column":36}},{"start":{"line":711,"column":39},"end":{"line":711,"column":46}}]},"67":{"line":758,"type":"cond-expr","locations":[{"start":{"line":758,"column":45},"end":{"line":758,"column":51}},{"start":{"line":758,"column":54},"end":{"line":758,"column":58}}]},"68":{"line":759,"type":"if","locations":[{"start":{"line":759,"column":4},"end":{"line":759,"column":4}},{"start":{"line":759,"column":4},"end":{"line":759,"column":4}}]},"69":{"line":762,"type":"if","locations":[{"start":{"line":762,"column":4},"end":{"line":762,"column":4}},{"start":{"line":762,"column":4},"end":{"line":762,"column":4}}]},"70":{"line":762,"type":"binary-expr","locations":[{"start":{"line":762,"column":8},"end":{"line":762,"column":18}},{"start":{"line":762,"column":22},"end":{"line":762,"column":30}}]},"71":{"line":765,"type":"if","locations":[{"start":{"line":765,"column":4},"end":{"line":765,"column":4}},{"start":{"line":765,"column":4},"end":{"line":765,"column":4}}]},"72":{"line":765,"type":"binary-expr","locations":[{"start":{"line":765,"column":8},"end":{"line":765,"column":17}},{"start":{"line":765,"column":21},"end":{"line":765,"column":30}}]},"73":{"line":771,"type":"binary-expr","locations":[{"start":{"line":771,"column":16},"end":{"line":771,"column":43}},{"start":{"line":771,"column":47},"end":{"line":771,"column":61}}]},"74":{"line":772,"type":"binary-expr","locations":[{"start":{"line":772,"column":20},"end":{"line":772,"column":51}},{"start":{"line":772,"column":55},"end":{"line":772,"column":73}}]},"75":{"line":780,"type":"if","locations":[{"start":{"line":780,"column":4},"end":{"line":780,"column":4}},{"start":{"line":780,"column":4},"end":{"line":780,"column":4}}]},"76":{"line":895,"type":"if","locations":[{"start":{"line":895,"column":4},"end":{"line":895,"column":4}},{"start":{"line":895,"column":4},"end":{"line":895,"column":4}}]},"77":{"line":899,"type":"if","locations":[{"start":{"line":899,"column":11},"end":{"line":899,"column":11}},{"start":{"line":899,"column":11},"end":{"line":899,"column":11}}]},"78":{"line":903,"type":"if","locations":[{"start":{"line":903,"column":11},"end":{"line":903,"column":11}},{"start":{"line":903,"column":11},"end":{"line":903,"column":11}}]},"79":{"line":909,"type":"cond-expr","locations":[{"start":{"line":909,"column":28},"end":{"line":909,"column":129}},{"start":{"line":909,"column":132},"end":{"line":909,"column":140}}]},"80":{"line":909,"type":"cond-expr","locations":[{"start":{"line":909,"column":58},"end":{"line":909,"column":89}},{"start":{"line":909,"column":92},"end":{"line":909,"column":129}}]},"81":{"line":909,"type":"cond-expr","locations":[{"start":{"line":909,"column":109},"end":{"line":909,"column":119}},{"start":{"line":909,"column":122},"end":{"line":909,"column":129}}]},"82":{"line":915,"type":"cond-expr","locations":[{"start":{"line":915,"column":24},"end":{"line":915,"column":34}},{"start":{"line":915,"column":37},"end":{"line":915,"column":53}}]},"83":{"line":945,"type":"if","locations":[{"start":{"line":945,"column":4},"end":{"line":945,"column":4}},{"start":{"line":945,"column":4},"end":{"line":945,"column":4}}]},"84":{"line":945,"type":"binary-expr","locations":[{"start":{"line":945,"column":8},"end":{"line":945,"column":24}},{"start":{"line":945,"column":28},"end":{"line":945,"column":39}}]},"85":{"line":946,"type":"if","locations":[{"start":{"line":946,"column":8},"end":{"line":946,"column":8}},{"start":{"line":946,"column":8},"end":{"line":946,"column":8}}]},"86":{"line":947,"type":"cond-expr","locations":[{"start":{"line":947,"column":45},"end":{"line":947,"column":52}},{"start":{"line":947,"column":55},"end":{"line":947,"column":63}}]},"87":{"line":949,"type":"if","locations":[{"start":{"line":949,"column":8},"end":{"line":949,"column":8}},{"start":{"line":949,"column":8},"end":{"line":949,"column":8}}]},"88":{"line":970,"type":"if","locations":[{"start":{"line":970,"column":4},"end":{"line":970,"column":4}},{"start":{"line":970,"column":4},"end":{"line":970,"column":4}}]},"89":{"line":998,"type":"cond-expr","locations":[{"start":{"line":998,"column":48},"end":{"line":998,"column":58}},{"start":{"line":998,"column":61},"end":{"line":998,"column":132}}]},"90":{"line":998,"type":"cond-expr","locations":[{"start":{"line":998,"column":95},"end":{"line":998,"column":117}},{"start":{"line":998,"column":120},"end":{"line":998,"column":132}}]},"91":{"line":1001,"type":"if","locations":[{"start":{"line":1001,"column":4},"end":{"line":1001,"column":4}},{"start":{"line":1001,"column":4},"end":{"line":1001,"column":4}}]},"92":{"line":1048,"type":"cond-expr","locations":[{"start":{"line":1048,"column":64},"end":{"line":1048,"column":73}},{"start":{"line":1048,"column":76},"end":{"line":1048,"column":83}}]},"93":{"line":1048,"type":"binary-expr","locations":[{"start":{"line":1048,"column":11},"end":{"line":1048,"column":39}},{"start":{"line":1048,"column":43},"end":{"line":1048,"column":61}}]},"94":{"line":1063,"type":"if","locations":[{"start":{"line":1063,"column":4},"end":{"line":1063,"column":4}},{"start":{"line":1063,"column":4},"end":{"line":1063,"column":4}}]}}}}