{"/home/travis/build/webpro/DOMtastic/dist/domtastic.js":{"path":"/home/travis/build/webpro/DOMtastic/dist/domtastic.js","s":{"1":1,"2":1,"3":0,"4":1,"5":0,"6":1,"7":1,"8":1,"9":1,"10":1,"11":31,"12":14,"13":0,"14":0,"15":0,"16":0,"17":0,"18":0,"19":14,"20":14,"21":29,"22":29,"23":31,"24":1,"25":1,"26":1,"27":1,"28":1,"29":1,"30":1,"31":1,"32":1,"33":1,"34":1,"35":1,"36":1,"37":1,"38":1,"39":1,"40":1,"41":1,"42":1,"43":1,"44":1,"45":1,"46":1,"47":1,"48":1,"49":1,"50":1,"51":1,"52":1,"53":1,"54":1,"55":1,"56":1,"57":1,"58":1,"59":1,"60":1,"61":3,"62":5,"63":3,"64":1,"65":20,"66":1,"67":1,"68":1,"69":7,"70":7,"71":1,"72":1,"73":1,"74":1,"75":1,"76":1,"77":1,"78":11,"79":2,"80":2,"81":9,"82":14,"83":5,"84":10,"85":9,"86":9,"87":1,"88":1,"89":1,"90":1,"91":5,"92":4,"93":5,"94":1,"95":2,"96":2,"97":2,"98":1,"99":3,"100":3,"101":3,"102":1,"103":4,"104":6,"105":1,"106":1,"107":1,"108":1,"109":62,"110":36,"111":17,"112":19,"113":1,"114":18,"115":18,"116":26,"117":26,"118":36,"119":36,"120":62,"121":1,"122":57,"123":45,"124":9,"125":36,"126":25,"127":11,"128":11,"129":12,"130":12,"131":20,"132":20,"133":57,"134":1,"135":43,"136":34,"137":6,"138":28,"139":19,"140":9,"141":9,"142":9,"143":9,"144":15,"145":15,"146":43,"147":1,"148":24,"149":7,"150":17,"151":0,"152":17,"153":17,"154":35,"155":0,"156":1,"157":1,"158":1,"159":1,"160":1,"161":1,"162":5,"163":5,"164":5,"165":1,"166":5,"167":8,"168":8,"169":1,"170":3,"171":1,"172":1,"173":1,"174":1,"175":1,"176":30,"177":16,"178":16,"179":30,"180":30,"181":30,"182":30,"183":30,"184":46,"185":20,"186":46,"187":46,"188":30,"189":1,"190":11,"191":3,"192":3,"193":11,"194":8,"195":8,"196":8,"197":11,"198":19,"199":19,"200":3,"201":13,"202":3,"203":16,"204":57,"205":17,"206":17,"207":16,"208":1,"209":11,"210":1,"211":10,"212":1,"213":4,"214":1,"215":23,"216":23,"217":23,"218":35,"219":33,"220":2,"221":23,"222":1,"223":34,"224":0,"225":34,"226":34,"227":34,"228":0,"229":0,"230":0,"231":1,"232":2,"233":2,"234":2,"235":2,"236":2,"237":4,"238":4,"239":1,"240":1,"241":1,"242":1,"243":1,"244":65,"245":10,"246":65,"247":65,"248":1,"249":4,"250":4,"251":4,"252":4,"253":4,"254":1,"255":12,"256":12,"257":12,"258":0,"259":12,"260":1,"261":1,"262":28,"263":28,"264":28,"265":28,"266":1,"267":1,"268":1,"269":1,"270":1,"271":1,"272":1,"273":1,"274":0,"275":1,"276":1,"277":1,"278":1,"279":1,"280":1,"281":16,"282":4,"283":4,"284":12,"285":11,"286":12,"287":1,"288":1,"289":1,"290":1,"291":1,"292":1,"293":1,"294":1,"295":1,"296":3,"297":3,"298":3,"299":3,"300":3,"301":3,"302":1,"303":3,"304":1,"305":3,"306":1,"307":1,"308":77,"309":68,"310":1,"311":77,"312":1,"313":1,"314":1,"315":34,"316":34,"317":1,"318":9,"319":1,"320":1,"321":1,"322":34,"323":34,"324":1,"325":9,"326":1,"327":1,"328":1,"329":1,"330":1,"331":1,"332":1,"333":1,"334":1,"335":1,"336":1,"337":1,"338":214,"339":214,"340":214,"341":6,"342":208,"343":50,"344":158,"345":39,"346":119,"347":119,"348":214,"349":1,"350":7,"351":1,"352":1,"353":1,"354":38,"355":1,"356":119,"357":119,"358":59,"359":32,"360":32,"361":27,"362":19,"363":8,"364":60,"365":1,"366":39,"367":12,"368":27,"369":27,"370":27,"371":45,"372":27,"373":1,"374":213,"375":1,"376":1,"377":1,"378":213,"379":1,"380":213,"381":213,"382":425,"383":213,"384":1,"385":1,"386":1,"387":1,"388":1,"389":4,"390":4,"391":6,"392":18,"393":14,"394":4,"395":1,"396":3,"397":3,"398":6,"399":2,"400":1,"401":1,"402":3,"403":3,"404":11,"405":9,"406":3,"407":1,"408":2,"409":1,"410":1,"411":1,"412":4,"413":1,"414":1,"415":1,"416":1,"417":3,"418":1,"419":54,"420":1,"421":152,"422":152,"423":152,"424":253,"425":0,"426":152,"427":1,"428":4,"429":11,"430":4,"431":11,"432":11,"433":53,"434":4,"435":1},"b":{"1":[0,1],"2":[0,1],"3":[1,0],"4":[1,0],"5":[0,0],"6":[0,0],"7":[14,17],"8":[0,14],"9":[0,0],"10":[0,0],"11":[0,0],"12":[0,0],"13":[29,0],"14":[1,0],"15":[1,0],"16":[2,1],"17":[2,9],"18":[11,7],"19":[0,2],"20":[1,1],"21":[5,9],"22":[36,26],"23":[17,19],"24":[1,18],"25":[1,17],"26":[26,10],"27":[45,12],"28":[9,36],"29":[25,11],"30":[1,10],"31":[12,8],"32":[34,9],"33":[6,28],"34":[19,9],"35":[1,8],"36":[9,6],"37":[7,17],"38":[0,17],"39":[17,0],"40":[1,4],"41":[8,0],"42":[16,14],"43":[30,2],"44":[30,30],"45":[20,26],"46":[46,46],"47":[3,8],"48":[8,3],"49":[3,16],"50":[19,3,3,3],"51":[13,13],"52":[57,57,17,0,17,16,17,10],"53":[17,17],"54":[1,15],"55":[1,22],"56":[33,2],"57":[35,34,34],"58":[0,34],"59":[34,34],"60":[34,0],"61":[0,0],"62":[2,0],"63":[10,55],"64":[9,1],"65":[65,12],"66":[4,0],"67":[12,11],"68":[12,0],"69":[0,12],"70":[28,0],"71":[1,0],"72":[1,0],"73":[4,12],"74":[0,4],"75":[1,3],"76":[2,1],"77":[3,0],"78":[1,2],"79":[3,2],"80":[1,2],"81":[3,1],"82":[1,1],"83":[1,1],"84":[68,9],"85":[9,205],"86":[6,208],"87":[50,158],"88":[39,119],"89":[1,118],"90":[7,111],"91":[1,213],"92":[1,0],"93":[1,1,1,1,0,0],"94":[59,60],"95":[119,59],"96":[32,27],"97":[31,1],"98":[26,6],"99":[19,8],"100":[12,27],"101":[1,212],"102":[14,4],"103":[18,10,10],"104":[2,4],"105":[9,2],"106":[11,5,5],"107":[29,25],"108":[54,26],"109":[152,0],"110":[11,0]},"f":{"1":1,"2":1,"3":1,"4":31,"5":29,"6":1,"7":1,"8":3,"9":5,"10":20,"11":7,"12":1,"13":11,"14":14,"15":1,"16":5,"17":4,"18":2,"19":2,"20":3,"21":3,"22":4,"23":6,"24":1,"25":62,"26":57,"27":43,"28":24,"29":35,"30":1,"31":5,"32":5,"33":8,"34":3,"35":1,"36":30,"37":46,"38":11,"39":19,"40":13,"41":57,"42":17,"43":10,"44":4,"45":23,"46":35,"47":34,"48":2,"49":65,"50":4,"51":12,"52":1,"53":28,"54":1,"55":0,"56":1,"57":16,"58":11,"59":1,"60":1,"61":3,"62":77,"63":77,"64":1,"65":1,"66":1,"67":1,"68":1,"69":214,"70":7,"71":1,"72":38,"73":119,"74":39,"75":213,"76":213,"77":1,"78":4,"79":6,"80":18,"81":3,"82":3,"83":11,"84":2,"85":1,"86":4,"87":1,"88":3,"89":54,"90":152,"91":4,"92":11},"fnMap":{"1":{"name":"(anonymous_1)","line":1,"loc":{"start":{"line":1,"column":1},"end":{"line":1,"column":12}}},"2":{"name":"(anonymous_2)","line":1,"loc":{"start":{"line":1,"column":255},"end":{"line":1,"column":265}}},"3":{"name":"e","line":1,"loc":{"start":{"line":1,"column":300},"end":{"line":1,"column":317}}},"4":{"name":"s","line":1,"loc":{"start":{"line":1,"column":303},"end":{"line":1,"column":333}}},"5":{"name":"(anonymous_5)","line":1,"loc":{"start":{"line":1,"column":533},"end":{"line":1,"column":544}}},"6":{"name":"(anonymous_6)","line":1,"loc":{"start":{"line":1,"column":712},"end":{"line":1,"column":744}}},"7":{"name":"(anonymous_7)","line":39,"loc":{"start":{"line":39,"column":172},"end":{"line":39,"column":204}}},"8":{"name":"filter","line":47,"loc":{"start":{"line":47,"column":0},"end":{"line":47,"column":26}}},"9":{"name":"(anonymous_9)","line":48,"loc":{"start":{"line":48,"column":61},"end":{"line":48,"column":79}}},"10":{"name":"each","line":53,"loc":{"start":{"line":53,"column":0},"end":{"line":53,"column":24}}},"11":{"name":"reverse","line":58,"loc":{"start":{"line":58,"column":0},"end":{"line":58,"column":19}}},"12":{"name":"(anonymous_12)","line":79,"loc":{"start":{"line":79,"column":36},"end":{"line":79,"column":68}}},"13":{"name":"attr","line":83,"loc":{"start":{"line":83,"column":0},"end":{"line":83,"column":26}}},"14":{"name":"(anonymous_14)","line":88,"loc":{"start":{"line":88,"column":13},"end":{"line":88,"column":31}}},"15":{"name":"(anonymous_15)","line":106,"loc":{"start":{"line":106,"column":20},"end":{"line":106,"column":52}}},"16":{"name":"addClass","line":112,"loc":{"start":{"line":112,"column":0},"end":{"line":112,"column":25}}},"17":{"name":"(anonymous_17)","line":113,"loc":{"start":{"line":113,"column":13},"end":{"line":113,"column":31}}},"18":{"name":"removeClass","line":118,"loc":{"start":{"line":118,"column":0},"end":{"line":118,"column":28}}},"19":{"name":"(anonymous_19)","line":119,"loc":{"start":{"line":119,"column":13},"end":{"line":119,"column":31}}},"20":{"name":"toggleClass","line":124,"loc":{"start":{"line":124,"column":0},"end":{"line":124,"column":28}}},"21":{"name":"(anonymous_21)","line":125,"loc":{"start":{"line":125,"column":13},"end":{"line":125,"column":31}}},"22":{"name":"hasClass","line":130,"loc":{"start":{"line":130,"column":0},"end":{"line":130,"column":25}}},"23":{"name":"(anonymous_23)","line":131,"loc":{"start":{"line":131,"column":33},"end":{"line":131,"column":51}}},"24":{"name":"(anonymous_24)","line":145,"loc":{"start":{"line":145,"column":20},"end":{"line":145,"column":52}}},"25":{"name":"append","line":149,"loc":{"start":{"line":149,"column":0},"end":{"line":149,"column":25}}},"26":{"name":"before","line":170,"loc":{"start":{"line":170,"column":0},"end":{"line":170,"column":25}}},"27":{"name":"after","line":191,"loc":{"start":{"line":191,"column":0},"end":{"line":191,"column":24}}},"28":{"name":"clone","line":212,"loc":{"start":{"line":212,"column":0},"end":{"line":212,"column":24}}},"29":{"name":"(anonymous_29)","line":218,"loc":{"start":{"line":218,"column":32},"end":{"line":218,"column":45}}},"30":{"name":"(anonymous_30)","line":233,"loc":{"start":{"line":233,"column":20},"end":{"line":233,"column":52}}},"31":{"name":"appendTo","line":242,"loc":{"start":{"line":242,"column":0},"end":{"line":242,"column":27}}},"32":{"name":"remove","line":247,"loc":{"start":{"line":247,"column":0},"end":{"line":247,"column":18}}},"33":{"name":"(anonymous_33)","line":248,"loc":{"start":{"line":248,"column":20},"end":{"line":248,"column":38}}},"34":{"name":"replaceWith","line":254,"loc":{"start":{"line":254,"column":0},"end":{"line":254,"column":23}}},"35":{"name":"(anonymous_35)","line":266,"loc":{"start":{"line":266,"column":46},"end":{"line":266,"column":78}}},"36":{"name":"on","line":273,"loc":{"start":{"line":273,"column":0},"end":{"line":273,"column":54}}},"37":{"name":"(anonymous_37)","line":282,"loc":{"start":{"line":282,"column":13},"end":{"line":282,"column":31}}},"38":{"name":"off","line":297,"loc":{"start":{"line":297,"column":0},"end":{"line":297,"column":55}}},"39":{"name":"(anonymous_39)","line":307,"loc":{"start":{"line":307,"column":13},"end":{"line":307,"column":31}}},"40":{"name":"(anonymous_40)","line":310,"loc":{"start":{"line":310,"column":21},"end":{"line":310,"column":36}}},"41":{"name":"(anonymous_41)","line":315,"loc":{"start":{"line":315,"column":27},"end":{"line":315,"column":42}}},"42":{"name":"(anonymous_42)","line":317,"loc":{"start":{"line":317,"column":10},"end":{"line":317,"column":25}}},"43":{"name":"delegate","line":328,"loc":{"start":{"line":328,"column":0},"end":{"line":328,"column":48}}},"44":{"name":"undelegate","line":331,"loc":{"start":{"line":331,"column":0},"end":{"line":331,"column":50}}},"45":{"name":"trigger","line":334,"loc":{"start":{"line":334,"column":0},"end":{"line":334,"column":23}}},"46":{"name":"(anonymous_46)","line":341,"loc":{"start":{"line":341,"column":13},"end":{"line":341,"column":31}}},"47":{"name":"isAttachedToDocument","line":350,"loc":{"start":{"line":350,"column":0},"end":{"line":350,"column":39}}},"48":{"name":"triggerForPath","line":362,"loc":{"start":{"line":362,"column":0},"end":{"line":362,"column":39}}},"49":{"name":"getHandlers","line":376,"loc":{"start":{"line":376,"column":0},"end":{"line":376,"column":30}}},"50":{"name":"clearHandlers","line":383,"loc":{"start":{"line":383,"column":0},"end":{"line":383,"column":32}}},"51":{"name":"delegateHandler","line":391,"loc":{"start":{"line":391,"column":0},"end":{"line":391,"column":51}}},"52":{"name":"(anonymous_52)","line":400,"loc":{"start":{"line":400,"column":1},"end":{"line":400,"column":12}}},"53":{"name":"CustomEvent","line":401,"loc":{"start":{"line":401,"column":2},"end":{"line":401,"column":30}}},"54":{"name":"(anonymous_54)","line":414,"loc":{"start":{"line":414,"column":37},"end":{"line":414,"column":48}}},"55":{"name":"(anonymous_55)","line":421,"loc":{"start":{"line":421,"column":33},"end":{"line":421,"column":44}}},"56":{"name":"(anonymous_56)","line":439,"loc":{"start":{"line":439,"column":36},"end":{"line":439,"column":68}}},"57":{"name":"html","line":443,"loc":{"start":{"line":443,"column":0},"end":{"line":443,"column":24}}},"58":{"name":"(anonymous_58)","line":448,"loc":{"start":{"line":448,"column":13},"end":{"line":448,"column":31}}},"59":{"name":"(anonymous_59)","line":460,"loc":{"start":{"line":460,"column":20},"end":{"line":460,"column":52}}},"60":{"name":"(anonymous_60)","line":471,"loc":{"start":{"line":471,"column":19},"end":{"line":471,"column":51}}},"61":{"name":"native","line":476,"loc":{"start":{"line":476,"column":0},"end":{"line":476,"column":18}}},"62":{"name":"augment","line":493,"loc":{"start":{"line":493,"column":0},"end":{"line":493,"column":34}}},"63":{"name":"(anonymous_63)","line":502,"loc":{"start":{"line":502,"column":17},"end":{"line":502,"column":36}}},"64":{"name":"augmentNativePrototypes","line":505,"loc":{"start":{"line":505,"column":0},"end":{"line":505,"column":63}}},"65":{"name":"unaugmentNativePrototypes","line":515,"loc":{"start":{"line":515,"column":0},"end":{"line":515,"column":65}}},"66":{"name":"(anonymous_66)","line":533,"loc":{"start":{"line":533,"column":21},"end":{"line":533,"column":53}}},"67":{"name":"noConflict","line":538,"loc":{"start":{"line":538,"column":0},"end":{"line":538,"column":22}}},"68":{"name":"(anonymous_68)","line":549,"loc":{"start":{"line":549,"column":21},"end":{"line":549,"column":53}}},"69":{"name":"$","line":560,"loc":{"start":{"line":560,"column":0},"end":{"line":560,"column":21}}},"70":{"name":"find","line":575,"loc":{"start":{"line":575,"column":0},"end":{"line":575,"column":24}}},"71":{"name":"(anonymous_71)","line":578,"loc":{"start":{"line":578,"column":15},"end":{"line":578,"column":26}}},"72":{"name":"(anonymous_72)","line":581,"loc":{"start":{"line":581,"column":9},"end":{"line":581,"column":37}}},"73":{"name":"querySelector","line":585,"loc":{"start":{"line":585,"column":0},"end":{"line":585,"column":42}}},"74":{"name":"createFragment","line":599,"loc":{"start":{"line":599,"column":0},"end":{"line":599,"column":30}}},"75":{"name":"wrap","line":613,"loc":{"start":{"line":613,"column":0},"end":{"line":613,"column":26}}},"76":{"name":"Wrapper","line":621,"loc":{"start":{"line":621,"column":0},"end":{"line":621,"column":29}}},"77":{"name":"(anonymous_77)","line":638,"loc":{"start":{"line":638,"column":21},"end":{"line":638,"column":53}}},"78":{"name":"children","line":645,"loc":{"start":{"line":645,"column":0},"end":{"line":645,"column":28}}},"79":{"name":"(anonymous_79)","line":647,"loc":{"start":{"line":647,"column":13},"end":{"line":647,"column":31}}},"80":{"name":"(anonymous_80)","line":648,"loc":{"start":{"line":648,"column":27},"end":{"line":648,"column":43}}},"81":{"name":"closest","line":656,"loc":{"start":{"line":656,"column":0},"end":{"line":656,"column":27}}},"82":{"name":"parent","line":665,"loc":{"start":{"line":665,"column":0},"end":{"line":665,"column":26}}},"83":{"name":"(anonymous_83)","line":667,"loc":{"start":{"line":667,"column":13},"end":{"line":667,"column":31}}},"84":{"name":"eq","line":674,"loc":{"start":{"line":674,"column":0},"end":{"line":674,"column":19}}},"85":{"name":"get","line":677,"loc":{"start":{"line":677,"column":0},"end":{"line":677,"column":20}}},"86":{"name":"slice","line":680,"loc":{"start":{"line":680,"column":0},"end":{"line":680,"column":27}}},"87":{"name":"(anonymous_87)","line":695,"loc":{"start":{"line":695,"column":37},"end":{"line":695,"column":69}}},"88":{"name":"(anonymous_88)","line":700,"loc":{"start":{"line":700,"column":15},"end":{"line":700,"column":36}}},"89":{"name":"(anonymous_89)","line":703,"loc":{"start":{"line":703,"column":20},"end":{"line":703,"column":38}}},"90":{"name":"each","line":706,"loc":{"start":{"line":706,"column":0},"end":{"line":706,"column":36}}},"91":{"name":"extend","line":717,"loc":{"start":{"line":717,"column":0},"end":{"line":717,"column":24}}},"92":{"name":"(anonymous_92)","line":721,"loc":{"start":{"line":721,"column":18},"end":{"line":721,"column":32}}}},"statementMap":{"1":{"start":{"line":1,"column":0},"end":{"line":743,"column":3}},"2":{"start":{"line":1,"column":13},"end":{"line":1,"column":253}},"3":{"start":{"line":1,"column":41},"end":{"line":1,"column":60}},"4":{"start":{"line":1,"column":65},"end":{"line":1,"column":253}},"5":{"start":{"line":1,"column":106},"end":{"line":1,"column":116}},"6":{"start":{"line":1,"column":121},"end":{"line":1,"column":127}},"7":{"start":{"line":1,"column":127},"end":{"line":1,"column":252}},"8":{"start":{"line":1,"column":266},"end":{"line":1,"column":292}},"9":{"start":{"line":1,"column":292},"end":{"line":743,"column":0}},"10":{"start":{"line":1,"column":303},"end":{"line":1,"column":620}},"11":{"start":{"line":1,"column":334},"end":{"line":1,"column":600}},"12":{"start":{"line":1,"column":344},"end":{"line":1,"column":486}},"13":{"start":{"line":1,"column":354},"end":{"line":1,"column":396}},"14":{"start":{"line":1,"column":396},"end":{"line":1,"column":420}},"15":{"start":{"line":1,"column":405},"end":{"line":1,"column":420}},"16":{"start":{"line":1,"column":420},"end":{"line":1,"column":440}},"17":{"start":{"line":1,"column":425},"end":{"line":1,"column":440}},"18":{"start":{"line":1,"column":440},"end":{"line":1,"column":485}},"19":{"start":{"line":1,"column":486},"end":{"line":1,"column":510}},"20":{"start":{"line":1,"column":510},"end":{"line":1,"column":599}},"21":{"start":{"line":1,"column":545},"end":{"line":1,"column":562}},"22":{"start":{"line":1,"column":562},"end":{"line":1,"column":577}},"23":{"start":{"line":1,"column":600},"end":{"line":1,"column":619}},"24":{"start":{"line":1,"column":620},"end":{"line":1,"column":662}},"25":{"start":{"line":1,"column":662},"end":{"line":1,"column":697}},"26":{"start":{"line":1,"column":689},"end":{"line":1,"column":697}},"27":{"start":{"line":1,"column":697},"end":{"line":1,"column":705}},"28":{"start":{"line":3,"column":0},"end":{"line":3,"column":29}},"29":{"start":{"line":4,"column":0},"end":{"line":4,"column":38}},"30":{"start":{"line":5,"column":0},"end":{"line":7,"column":11}},"31":{"start":{"line":8,"column":0},"end":{"line":8,"column":31}},"32":{"start":{"line":9,"column":0},"end":{"line":9,"column":29}},"33":{"start":{"line":10,"column":0},"end":{"line":10,"column":35}},"34":{"start":{"line":11,"column":0},"end":{"line":11,"column":27}},"35":{"start":{"line":12,"column":0},"end":{"line":12,"column":39}},"36":{"start":{"line":13,"column":0},"end":{"line":13,"column":31}},"37":{"start":{"line":14,"column":0},"end":{"line":14,"column":29}},"38":{"start":{"line":15,"column":0},"end":{"line":15,"column":37}},"39":{"start":{"line":16,"column":0},"end":{"line":16,"column":49}},"40":{"start":{"line":17,"column":0},"end":{"line":21,"column":1}},"41":{"start":{"line":18,"column":2},"end":{"line":18,"column":17}},"42":{"start":{"line":19,"column":2},"end":{"line":19,"column":31}},"43":{"start":{"line":20,"column":2},"end":{"line":20,"column":27}},"44":{"start":{"line":22,"column":0},"end":{"line":22,"column":29}},"45":{"start":{"line":23,"column":0},"end":{"line":23,"column":16}},"46":{"start":{"line":24,"column":0},"end":{"line":24,"column":41}},"47":{"start":{"line":25,"column":0},"end":{"line":25,"column":22}},"48":{"start":{"line":26,"column":0},"end":{"line":26,"column":81}},"49":{"start":{"line":27,"column":0},"end":{"line":27,"column":27}},"50":{"start":{"line":28,"column":0},"end":{"line":28,"column":20}},"51":{"start":{"line":29,"column":0},"end":{"line":29,"column":18}},"52":{"start":{"line":30,"column":0},"end":{"line":30,"column":13}},"53":{"start":{"line":31,"column":0},"end":{"line":31,"column":29}},"54":{"start":{"line":32,"column":0},"end":{"line":32,"column":19}},"55":{"start":{"line":33,"column":0},"end":{"line":36,"column":2}},"56":{"start":{"line":41,"column":0},"end":{"line":41,"column":31}},"57":{"start":{"line":42,"column":0},"end":{"line":42,"column":35}},"58":{"start":{"line":43,"column":0},"end":{"line":45,"column":27}},"59":{"start":{"line":46,"column":0},"end":{"line":46,"column":33}},"60":{"start":{"line":47,"column":0},"end":{"line":52,"column":1}},"61":{"start":{"line":48,"column":2},"end":{"line":50,"column":4}},"62":{"start":{"line":49,"column":4},"end":{"line":49,"column":38}},"63":{"start":{"line":51,"column":2},"end":{"line":51,"column":51}},"64":{"start":{"line":53,"column":0},"end":{"line":55,"column":1}},"65":{"start":{"line":54,"column":2},"end":{"line":54,"column":31}},"66":{"start":{"line":56,"column":0},"end":{"line":56,"column":19}},"67":{"start":{"line":57,"column":0},"end":{"line":57,"column":25}},"68":{"start":{"line":58,"column":0},"end":{"line":61,"column":1}},"69":{"start":{"line":59,"column":2},"end":{"line":59,"column":45}},"70":{"start":{"line":60,"column":2},"end":{"line":60,"column":46}},"71":{"start":{"line":62,"column":0},"end":{"line":62,"column":29}},"72":{"start":{"line":63,"column":0},"end":{"line":63,"column":27}},"73":{"start":{"line":64,"column":0},"end":{"line":64,"column":33}},"74":{"start":{"line":66,"column":0},"end":{"line":76,"column":2}},"75":{"start":{"line":81,"column":0},"end":{"line":81,"column":30}},"76":{"start":{"line":82,"column":0},"end":{"line":82,"column":34}},"77":{"start":{"line":83,"column":0},"end":{"line":98,"column":1}},"78":{"start":{"line":84,"column":2},"end":{"line":87,"column":3}},"79":{"start":{"line":85,"column":4},"end":{"line":85,"column":49}},"80":{"start":{"line":86,"column":4},"end":{"line":86,"column":59}},"81":{"start":{"line":88,"column":2},"end":{"line":96,"column":5}},"82":{"start":{"line":89,"column":4},"end":{"line":95,"column":5}},"83":{"start":{"line":90,"column":6},"end":{"line":92,"column":7}},"84":{"start":{"line":91,"column":8},"end":{"line":91,"column":46}},"85":{"start":{"line":94,"column":6},"end":{"line":94,"column":39}},"86":{"start":{"line":97,"column":2},"end":{"line":97,"column":14}},"87":{"start":{"line":100,"column":0},"end":{"line":103,"column":2}},"88":{"start":{"line":108,"column":0},"end":{"line":108,"column":31}},"89":{"start":{"line":109,"column":0},"end":{"line":111,"column":21}},"90":{"start":{"line":112,"column":0},"end":{"line":117,"column":1}},"91":{"start":{"line":113,"column":2},"end":{"line":115,"column":5}},"92":{"start":{"line":114,"column":4},"end":{"line":114,"column":33}},"93":{"start":{"line":116,"column":2},"end":{"line":116,"column":14}},"94":{"start":{"line":118,"column":0},"end":{"line":123,"column":1}},"95":{"start":{"line":119,"column":2},"end":{"line":121,"column":5}},"96":{"start":{"line":120,"column":4},"end":{"line":120,"column":36}},"97":{"start":{"line":122,"column":2},"end":{"line":122,"column":14}},"98":{"start":{"line":124,"column":0},"end":{"line":129,"column":1}},"99":{"start":{"line":125,"column":2},"end":{"line":127,"column":5}},"100":{"start":{"line":126,"column":4},"end":{"line":126,"column":36}},"101":{"start":{"line":128,"column":2},"end":{"line":128,"column":14}},"102":{"start":{"line":130,"column":0},"end":{"line":134,"column":1}},"103":{"start":{"line":131,"column":2},"end":{"line":133,"column":5}},"104":{"start":{"line":132,"column":4},"end":{"line":132,"column":45}},"105":{"start":{"line":136,"column":0},"end":{"line":142,"column":2}},"106":{"start":{"line":147,"column":0},"end":{"line":147,"column":29}},"107":{"start":{"line":148,"column":0},"end":{"line":148,"column":40}},"108":{"start":{"line":149,"column":0},"end":{"line":169,"column":1}},"109":{"start":{"line":150,"column":2},"end":{"line":167,"column":3}},"110":{"start":{"line":151,"column":4},"end":{"line":160,"column":5}},"111":{"start":{"line":152,"column":6},"end":{"line":152,"column":52}},"112":{"start":{"line":154,"column":6},"end":{"line":159,"column":7}},"113":{"start":{"line":155,"column":8},"end":{"line":155,"column":34}},"114":{"start":{"line":157,"column":8},"end":{"line":157,"column":80}},"115":{"start":{"line":158,"column":8},"end":{"line":158,"column":54}},"116":{"start":{"line":162,"column":4},"end":{"line":162,"column":24}},"117":{"start":{"line":163,"column":4},"end":{"line":166,"column":5}},"118":{"start":{"line":164,"column":6},"end":{"line":164,"column":51}},"119":{"start":{"line":165,"column":6},"end":{"line":165,"column":32}},"120":{"start":{"line":168,"column":2},"end":{"line":168,"column":14}},"121":{"start":{"line":170,"column":0},"end":{"line":190,"column":1}},"122":{"start":{"line":171,"column":2},"end":{"line":188,"column":3}},"123":{"start":{"line":172,"column":4},"end":{"line":181,"column":5}},"124":{"start":{"line":173,"column":6},"end":{"line":173,"column":54}},"125":{"start":{"line":175,"column":6},"end":{"line":180,"column":7}},"126":{"start":{"line":176,"column":8},"end":{"line":176,"column":52}},"127":{"start":{"line":178,"column":8},"end":{"line":178,"column":80}},"128":{"start":{"line":179,"column":8},"end":{"line":179,"column":44}},"129":{"start":{"line":183,"column":4},"end":{"line":183,"column":24}},"130":{"start":{"line":184,"column":4},"end":{"line":187,"column":5}},"131":{"start":{"line":185,"column":6},"end":{"line":185,"column":51}},"132":{"start":{"line":186,"column":6},"end":{"line":186,"column":32}},"133":{"start":{"line":189,"column":2},"end":{"line":189,"column":14}},"134":{"start":{"line":191,"column":0},"end":{"line":211,"column":1}},"135":{"start":{"line":192,"column":2},"end":{"line":209,"column":3}},"136":{"start":{"line":193,"column":4},"end":{"line":202,"column":5}},"137":{"start":{"line":194,"column":6},"end":{"line":194,"column":51}},"138":{"start":{"line":196,"column":6},"end":{"line":201,"column":7}},"139":{"start":{"line":197,"column":8},"end":{"line":197,"column":64}},"140":{"start":{"line":199,"column":8},"end":{"line":199,"column":80}},"141":{"start":{"line":200,"column":8},"end":{"line":200,"column":53}},"142":{"start":{"line":204,"column":4},"end":{"line":204,"column":24}},"143":{"start":{"line":205,"column":4},"end":{"line":208,"column":5}},"144":{"start":{"line":206,"column":6},"end":{"line":206,"column":51}},"145":{"start":{"line":207,"column":6},"end":{"line":207,"column":31}},"146":{"start":{"line":210,"column":2},"end":{"line":210,"column":14}},"147":{"start":{"line":212,"column":0},"end":{"line":223,"column":1}},"148":{"start":{"line":213,"column":2},"end":{"line":221,"column":3}},"149":{"start":{"line":214,"column":4},"end":{"line":214,"column":19}},"150":{"start":{"line":215,"column":9},"end":{"line":221,"column":3}},"151":{"start":{"line":216,"column":4},"end":{"line":216,"column":35}},"152":{"start":{"line":217,"column":9},"end":{"line":221,"column":3}},"153":{"start":{"line":218,"column":4},"end":{"line":220,"column":7}},"154":{"start":{"line":219,"column":6},"end":{"line":219,"column":32}},"155":{"start":{"line":222,"column":2},"end":{"line":222,"column":17}},"156":{"start":{"line":225,"column":0},"end":{"line":230,"column":2}},"157":{"start":{"line":235,"column":0},"end":{"line":235,"column":35}},"158":{"start":{"line":236,"column":0},"end":{"line":236,"column":34}},"159":{"start":{"line":237,"column":0},"end":{"line":240,"column":23}},"160":{"start":{"line":241,"column":0},"end":{"line":241,"column":32}},"161":{"start":{"line":242,"column":0},"end":{"line":246,"column":1}},"162":{"start":{"line":243,"column":2},"end":{"line":243,"column":67}},"163":{"start":{"line":244,"column":2},"end":{"line":244,"column":29}},"164":{"start":{"line":245,"column":2},"end":{"line":245,"column":14}},"165":{"start":{"line":247,"column":0},"end":{"line":253,"column":1}},"166":{"start":{"line":248,"column":2},"end":{"line":252,"column":5}},"167":{"start":{"line":249,"column":4},"end":{"line":251,"column":5}},"168":{"start":{"line":250,"column":6},"end":{"line":250,"column":46}},"169":{"start":{"line":254,"column":0},"end":{"line":256,"column":1}},"170":{"start":{"line":255,"column":2},"end":{"line":255,"column":48}},"171":{"start":{"line":258,"column":0},"end":{"line":263,"column":2}},"172":{"start":{"line":268,"column":0},"end":{"line":268,"column":31}},"173":{"start":{"line":269,"column":0},"end":{"line":271,"column":21}},"174":{"start":{"line":272,"column":0},"end":{"line":272,"column":44}},"175":{"start":{"line":273,"column":0},"end":{"line":296,"column":1}},"176":{"start":{"line":274,"column":2},"end":{"line":277,"column":3}},"177":{"start":{"line":275,"column":4},"end":{"line":275,"column":23}},"178":{"start":{"line":276,"column":4},"end":{"line":276,"column":20}},"179":{"start":{"line":278,"column":2},"end":{"line":278,"column":35}},"180":{"start":{"line":279,"column":2},"end":{"line":279,"column":31}},"181":{"start":{"line":280,"column":2},"end":{"line":280,"column":35}},"182":{"start":{"line":281,"column":2},"end":{"line":281,"column":30}},"183":{"start":{"line":282,"column":2},"end":{"line":294,"column":5}},"184":{"start":{"line":283,"column":4},"end":{"line":285,"column":5}},"185":{"start":{"line":284,"column":6},"end":{"line":284,"column":71}},"186":{"start":{"line":286,"column":4},"end":{"line":286,"column":76}},"187":{"start":{"line":287,"column":4},"end":{"line":293,"column":7}},"188":{"start":{"line":295,"column":2},"end":{"line":295,"column":14}},"189":{"start":{"line":297,"column":0},"end":{"line":327,"column":1}},"190":{"start":{"line":298,"column":2},"end":{"line":301,"column":3}},"191":{"start":{"line":299,"column":4},"end":{"line":299,"column":23}},"192":{"start":{"line":300,"column":4},"end":{"line":300,"column":20}},"193":{"start":{"line":302,"column":2},"end":{"line":306,"column":3}},"194":{"start":{"line":303,"column":4},"end":{"line":303,"column":37}},"195":{"start":{"line":304,"column":4},"end":{"line":304,"column":25}},"196":{"start":{"line":305,"column":4},"end":{"line":305,"column":29}},"197":{"start":{"line":307,"column":2},"end":{"line":325,"column":5}},"198":{"start":{"line":308,"column":4},"end":{"line":308,"column":40}},"199":{"start":{"line":309,"column":4},"end":{"line":324,"column":5}},"200":{"start":{"line":310,"column":6},"end":{"line":312,"column":9}},"201":{"start":{"line":311,"column":8},"end":{"line":311,"column":93}},"202":{"start":{"line":313,"column":6},"end":{"line":313,"column":29}},"203":{"start":{"line":315,"column":6},"end":{"line":320,"column":9}},"204":{"start":{"line":316,"column":8},"end":{"line":316,"column":197}},"205":{"start":{"line":318,"column":8},"end":{"line":318,"column":93}},"206":{"start":{"line":319,"column":8},"end":{"line":319,"column":51}},"207":{"start":{"line":321,"column":6},"end":{"line":323,"column":7}},"208":{"start":{"line":322,"column":8},"end":{"line":322,"column":31}},"209":{"start":{"line":326,"column":2},"end":{"line":326,"column":14}},"210":{"start":{"line":328,"column":0},"end":{"line":330,"column":1}},"211":{"start":{"line":329,"column":2},"end":{"line":329,"column":53}},"212":{"start":{"line":331,"column":0},"end":{"line":333,"column":1}},"213":{"start":{"line":332,"column":2},"end":{"line":332,"column":54}},"214":{"start":{"line":334,"column":0},"end":{"line":349,"column":1}},"215":{"start":{"line":335,"column":2},"end":{"line":339,"column":4}},"216":{"start":{"line":340,"column":2},"end":{"line":340,"column":44}},"217":{"start":{"line":341,"column":2},"end":{"line":347,"column":5}},"218":{"start":{"line":342,"column":4},"end":{"line":346,"column":5}},"219":{"start":{"line":343,"column":6},"end":{"line":343,"column":35}},"220":{"start":{"line":345,"column":6},"end":{"line":345,"column":44}},"221":{"start":{"line":348,"column":2},"end":{"line":348,"column":14}},"222":{"start":{"line":350,"column":0},"end":{"line":361,"column":1}},"223":{"start":{"line":351,"column":2},"end":{"line":353,"column":3}},"224":{"start":{"line":352,"column":4},"end":{"line":352,"column":16}},"225":{"start":{"line":354,"column":2},"end":{"line":354,"column":56}},"226":{"start":{"line":355,"column":2},"end":{"line":359,"column":3}},"227":{"start":{"line":356,"column":4},"end":{"line":356,"column":39}},"228":{"start":{"line":357,"column":9},"end":{"line":359,"column":3}},"229":{"start":{"line":358,"column":4},"end":{"line":358,"column":95}},"230":{"start":{"line":360,"column":2},"end":{"line":360,"column":15}},"231":{"start":{"line":362,"column":0},"end":{"line":371,"column":1}},"232":{"start":{"line":363,"column":2},"end":{"line":363,"column":61}},"233":{"start":{"line":364,"column":2},"end":{"line":364,"column":25}},"234":{"start":{"line":365,"column":2},"end":{"line":365,"column":44}},"235":{"start":{"line":366,"column":2},"end":{"line":366,"column":26}},"236":{"start":{"line":367,"column":2},"end":{"line":370,"column":3}},"237":{"start":{"line":368,"column":4},"end":{"line":368,"column":33}},"238":{"start":{"line":369,"column":4},"end":{"line":369,"column":33}},"239":{"start":{"line":372,"column":0},"end":{"line":372,"column":33}},"240":{"start":{"line":373,"column":0},"end":{"line":373,"column":11}},"241":{"start":{"line":374,"column":0},"end":{"line":374,"column":18}},"242":{"start":{"line":375,"column":0},"end":{"line":375,"column":20}},"243":{"start":{"line":376,"column":0},"end":{"line":382,"column":1}},"244":{"start":{"line":377,"column":2},"end":{"line":379,"column":3}},"245":{"start":{"line":378,"column":4},"end":{"line":378,"column":78}},"246":{"start":{"line":380,"column":2},"end":{"line":380,"column":34}},"247":{"start":{"line":381,"column":2},"end":{"line":381,"column":47}},"248":{"start":{"line":383,"column":0},"end":{"line":390,"column":1}},"249":{"start":{"line":384,"column":2},"end":{"line":384,"column":34}},"250":{"start":{"line":385,"column":2},"end":{"line":389,"column":3}},"251":{"start":{"line":386,"column":4},"end":{"line":386,"column":25}},"252":{"start":{"line":387,"column":4},"end":{"line":387,"column":24}},"253":{"start":{"line":388,"column":4},"end":{"line":388,"column":25}},"254":{"start":{"line":391,"column":0},"end":{"line":399,"column":1}},"255":{"start":{"line":392,"column":2},"end":{"line":392,"column":50}},"256":{"start":{"line":393,"column":2},"end":{"line":398,"column":3}},"257":{"start":{"line":394,"column":4},"end":{"line":396,"column":5}},"258":{"start":{"line":395,"column":6},"end":{"line":395,"column":40}},"259":{"start":{"line":397,"column":4},"end":{"line":397,"column":37}},"260":{"start":{"line":400,"column":0},"end":{"line":413,"column":5}},"261":{"start":{"line":401,"column":2},"end":{"line":410,"column":3}},"262":{"start":{"line":402,"column":4},"end":{"line":406,"column":6}},"263":{"start":{"line":407,"column":4},"end":{"line":407,"column":50}},"264":{"start":{"line":408,"column":4},"end":{"line":408,"column":81}},"265":{"start":{"line":409,"column":4},"end":{"line":409,"column":15}},"266":{"start":{"line":411,"column":2},"end":{"line":411,"column":77}},"267":{"start":{"line":412,"column":2},"end":{"line":412,"column":35}},"268":{"start":{"line":414,"column":0},"end":{"line":427,"column":5}},"269":{"start":{"line":415,"column":2},"end":{"line":416,"column":28}},"270":{"start":{"line":417,"column":2},"end":{"line":425,"column":3}},"271":{"start":{"line":418,"column":4},"end":{"line":419,"column":35}},"272":{"start":{"line":420,"column":4},"end":{"line":420,"column":30}},"273":{"start":{"line":421,"column":4},"end":{"line":423,"column":7}},"274":{"start":{"line":422,"column":6},"end":{"line":422,"column":24}},"275":{"start":{"line":424,"column":4},"end":{"line":424,"column":63}},"276":{"start":{"line":426,"column":2},"end":{"line":426,"column":20}},"277":{"start":{"line":429,"column":0},"end":{"line":436,"column":2}},"278":{"start":{"line":441,"column":0},"end":{"line":441,"column":30}},"279":{"start":{"line":442,"column":0},"end":{"line":442,"column":34}},"280":{"start":{"line":443,"column":0},"end":{"line":452,"column":1}},"281":{"start":{"line":444,"column":2},"end":{"line":447,"column":3}},"282":{"start":{"line":445,"column":4},"end":{"line":445,"column":49}},"283":{"start":{"line":446,"column":4},"end":{"line":446,"column":51}},"284":{"start":{"line":448,"column":2},"end":{"line":450,"column":5}},"285":{"start":{"line":449,"column":4},"end":{"line":449,"column":33}},"286":{"start":{"line":451,"column":2},"end":{"line":451,"column":14}},"287":{"start":{"line":454,"column":0},"end":{"line":457,"column":2}},"288":{"start":{"line":462,"column":0},"end":{"line":462,"column":31}},"289":{"start":{"line":463,"column":0},"end":{"line":463,"column":33}},"290":{"start":{"line":464,"column":0},"end":{"line":464,"column":19}},"291":{"start":{"line":465,"column":0},"end":{"line":468,"column":2}},"292":{"start":{"line":473,"column":0},"end":{"line":473,"column":30}},"293":{"start":{"line":474,"column":0},"end":{"line":474,"column":38}},"294":{"start":{"line":475,"column":0},"end":{"line":475,"column":21}},"295":{"start":{"line":476,"column":0},"end":{"line":490,"column":1}},"296":{"start":{"line":477,"column":2},"end":{"line":477,"column":65}},"297":{"start":{"line":478,"column":2},"end":{"line":478,"column":27}},"298":{"start":{"line":479,"column":2},"end":{"line":479,"column":22}},"299":{"start":{"line":480,"column":2},"end":{"line":482,"column":3}},"300":{"start":{"line":481,"column":4},"end":{"line":481,"column":33}},"301":{"start":{"line":483,"column":2},"end":{"line":485,"column":3}},"302":{"start":{"line":484,"column":4},"end":{"line":484,"column":58}},"303":{"start":{"line":486,"column":2},"end":{"line":488,"column":3}},"304":{"start":{"line":487,"column":4},"end":{"line":487,"column":60}},"305":{"start":{"line":489,"column":2},"end":{"line":489,"column":18}},"306":{"start":{"line":491,"column":0},"end":{"line":492,"column":74}},"307":{"start":{"line":493,"column":0},"end":{"line":501,"column":1}},"308":{"start":{"line":494,"column":2},"end":{"line":500,"column":3}},"309":{"start":{"line":495,"column":4},"end":{"line":499,"column":7}},"310":{"start":{"line":502,"column":0},"end":{"line":504,"column":3}},"311":{"start":{"line":503,"column":2},"end":{"line":503,"column":18}},"312":{"start":{"line":505,"column":0},"end":{"line":514,"column":1}},"313":{"start":{"line":506,"column":2},"end":{"line":506,"column":10}},"314":{"start":{"line":507,"column":2},"end":{"line":510,"column":3}},"315":{"start":{"line":508,"column":4},"end":{"line":508,"column":46}},"316":{"start":{"line":509,"column":4},"end":{"line":509,"column":50}},"317":{"start":{"line":511,"column":2},"end":{"line":513,"column":3}},"318":{"start":{"line":512,"column":4},"end":{"line":512,"column":54}},"319":{"start":{"line":515,"column":0},"end":{"line":524,"column":1}},"320":{"start":{"line":516,"column":2},"end":{"line":516,"column":10}},"321":{"start":{"line":517,"column":2},"end":{"line":520,"column":3}},"322":{"start":{"line":518,"column":4},"end":{"line":518,"column":30}},"323":{"start":{"line":519,"column":4},"end":{"line":519,"column":34}},"324":{"start":{"line":521,"column":2},"end":{"line":523,"column":3}},"325":{"start":{"line":522,"column":4},"end":{"line":522,"column":34}},"326":{"start":{"line":526,"column":0},"end":{"line":530,"column":2}},"327":{"start":{"line":535,"column":0},"end":{"line":535,"column":36}},"328":{"start":{"line":536,"column":0},"end":{"line":536,"column":38}},"329":{"start":{"line":537,"column":0},"end":{"line":537,"column":27}},"330":{"start":{"line":538,"column":0},"end":{"line":541,"column":1}},"331":{"start":{"line":539,"column":2},"end":{"line":539,"column":25}},"332":{"start":{"line":540,"column":2},"end":{"line":540,"column":14}},"333":{"start":{"line":543,"column":0},"end":{"line":546,"column":2}},"334":{"start":{"line":551,"column":0},"end":{"line":551,"column":34}},"335":{"start":{"line":552,"column":0},"end":{"line":554,"column":37}},"336":{"start":{"line":555,"column":0},"end":{"line":559,"column":40}},"337":{"start":{"line":560,"column":0},"end":{"line":574,"column":1}},"338":{"start":{"line":561,"column":2},"end":{"line":561,"column":68}},"339":{"start":{"line":562,"column":2},"end":{"line":562,"column":17}},"340":{"start":{"line":563,"column":2},"end":{"line":572,"column":3}},"341":{"start":{"line":564,"column":4},"end":{"line":564,"column":49}},"342":{"start":{"line":565,"column":9},"end":{"line":572,"column":3}},"343":{"start":{"line":566,"column":4},"end":{"line":566,"column":40}},"344":{"start":{"line":567,"column":9},"end":{"line":572,"column":3}},"345":{"start":{"line":568,"column":4},"end":{"line":568,"column":42}},"346":{"start":{"line":570,"column":4},"end":{"line":570,"column":116}},"347":{"start":{"line":571,"column":4},"end":{"line":571,"column":50}},"348":{"start":{"line":573,"column":2},"end":{"line":573,"column":52}},"349":{"start":{"line":575,"column":0},"end":{"line":577,"column":1}},"350":{"start":{"line":576,"column":2},"end":{"line":576,"column":27}},"351":{"start":{"line":578,"column":0},"end":{"line":584,"column":5}},"352":{"start":{"line":579,"column":2},"end":{"line":580,"column":180}},"353":{"start":{"line":581,"column":2},"end":{"line":583,"column":4}},"354":{"start":{"line":582,"column":4},"end":{"line":582,"column":44}},"355":{"start":{"line":585,"column":0},"end":{"line":598,"column":1}},"356":{"start":{"line":586,"column":2},"end":{"line":586,"column":57}},"357":{"start":{"line":587,"column":2},"end":{"line":596,"column":3}},"358":{"start":{"line":588,"column":4},"end":{"line":591,"column":5}},"359":{"start":{"line":589,"column":6},"end":{"line":589,"column":100}},"360":{"start":{"line":590,"column":6},"end":{"line":590,"column":38}},"361":{"start":{"line":592,"column":4},"end":{"line":594,"column":5}},"362":{"start":{"line":593,"column":6},"end":{"line":593,"column":63}},"363":{"start":{"line":595,"column":4},"end":{"line":595,"column":50}},"364":{"start":{"line":597,"column":2},"end":{"line":597,"column":44}},"365":{"start":{"line":599,"column":0},"end":{"line":612,"column":1}},"366":{"start":{"line":600,"column":2},"end":{"line":602,"column":3}},"367":{"start":{"line":601,"column":4},"end":{"line":601,"column":47}},"368":{"start":{"line":603,"column":2},"end":{"line":605,"column":38}},"369":{"start":{"line":606,"column":2},"end":{"line":606,"column":29}},"370":{"start":{"line":607,"column":2},"end":{"line":610,"column":3}},"371":{"start":{"line":609,"column":4},"end":{"line":609,"column":31}},"372":{"start":{"line":611,"column":2},"end":{"line":611,"column":18}},"373":{"start":{"line":613,"column":0},"end":{"line":620,"column":1}},"374":{"start":{"line":614,"column":2},"end":{"line":618,"column":3}},"375":{"start":{"line":615,"column":4},"end":{"line":615,"column":31}},"376":{"start":{"line":616,"column":4},"end":{"line":616,"column":44}},"377":{"start":{"line":617,"column":4},"end":{"line":617,"column":26}},"378":{"start":{"line":619,"column":2},"end":{"line":619,"column":33}},"379":{"start":{"line":621,"column":0},"end":{"line":628,"column":1}},"380":{"start":{"line":622,"column":2},"end":{"line":623,"column":33}},"381":{"start":{"line":624,"column":2},"end":{"line":626,"column":3}},"382":{"start":{"line":625,"column":4},"end":{"line":625,"column":30}},"383":{"start":{"line":627,"column":2},"end":{"line":627,"column":23}},"384":{"start":{"line":630,"column":0},"end":{"line":635,"column":2}},"385":{"start":{"line":640,"column":0},"end":{"line":640,"column":40}},"386":{"start":{"line":641,"column":0},"end":{"line":641,"column":34}},"387":{"start":{"line":642,"column":0},"end":{"line":644,"column":27}},"388":{"start":{"line":645,"column":0},"end":{"line":655,"column":1}},"389":{"start":{"line":646,"column":2},"end":{"line":646,"column":17}},"390":{"start":{"line":647,"column":2},"end":{"line":653,"column":5}},"391":{"start":{"line":648,"column":4},"end":{"line":652,"column":7}},"392":{"start":{"line":649,"column":6},"end":{"line":651,"column":7}},"393":{"start":{"line":650,"column":8},"end":{"line":650,"column":26}},"394":{"start":{"line":654,"column":2},"end":{"line":654,"column":18}},"395":{"start":{"line":656,"column":0},"end":{"line":664,"column":1}},"396":{"start":{"line":657,"column":2},"end":{"line":657,"column":21}},"397":{"start":{"line":658,"column":2},"end":{"line":662,"column":3}},"398":{"start":{"line":659,"column":4},"end":{"line":661,"column":5}},"399":{"start":{"line":660,"column":6},"end":{"line":660,"column":21}},"400":{"start":{"line":663,"column":2},"end":{"line":663,"column":13}},"401":{"start":{"line":665,"column":0},"end":{"line":673,"column":1}},"402":{"start":{"line":666,"column":2},"end":{"line":666,"column":17}},"403":{"start":{"line":667,"column":2},"end":{"line":671,"column":5}},"404":{"start":{"line":668,"column":4},"end":{"line":670,"column":5}},"405":{"start":{"line":669,"column":6},"end":{"line":669,"column":37}},"406":{"start":{"line":672,"column":2},"end":{"line":672,"column":18}},"407":{"start":{"line":674,"column":0},"end":{"line":676,"column":1}},"408":{"start":{"line":675,"column":2},"end":{"line":675,"column":44}},"409":{"start":{"line":677,"column":0},"end":{"line":679,"column":1}},"410":{"start":{"line":678,"column":2},"end":{"line":678,"column":21}},"411":{"start":{"line":680,"column":0},"end":{"line":682,"column":1}},"412":{"start":{"line":681,"column":2},"end":{"line":681,"column":44}},"413":{"start":{"line":684,"column":0},"end":{"line":692,"column":2}},"414":{"start":{"line":697,"column":0},"end":{"line":697,"column":30}},"415":{"start":{"line":698,"column":0},"end":{"line":699,"column":34}},"416":{"start":{"line":700,"column":0},"end":{"line":702,"column":3}},"417":{"start":{"line":701,"column":2},"end":{"line":701,"column":32}},"418":{"start":{"line":703,"column":0},"end":{"line":705,"column":3}},"419":{"start":{"line":704,"column":2},"end":{"line":704,"column":82}},"420":{"start":{"line":706,"column":0},"end":{"line":716,"column":1}},"421":{"start":{"line":707,"column":2},"end":{"line":707,"column":33}},"422":{"start":{"line":708,"column":2},"end":{"line":714,"column":3}},"423":{"start":{"line":709,"column":4},"end":{"line":711,"column":5}},"424":{"start":{"line":710,"column":6},"end":{"line":710,"column":45}},"425":{"start":{"line":713,"column":4},"end":{"line":713,"column":28}},"426":{"start":{"line":715,"column":2},"end":{"line":715,"column":20}},"427":{"start":{"line":717,"column":0},"end":{"line":729,"column":1}},"428":{"start":{"line":718,"column":2},"end":{"line":720,"column":40}},"429":{"start":{"line":720,"column":4},"end":{"line":720,"column":40}},"430":{"start":{"line":721,"column":2},"end":{"line":727,"column":5}},"431":{"start":{"line":722,"column":4},"end":{"line":726,"column":5}},"432":{"start":{"line":723,"column":6},"end":{"line":725,"column":7}},"433":{"start":{"line":724,"column":8},"end":{"line":724,"column":33}},"434":{"start":{"line":728,"column":2},"end":{"line":728,"column":16}},"435":{"start":{"line":731,"column":0},"end":{"line":738,"column":2}}},"branchMap":{"1":{"line":1,"type":"if","locations":[{"start":{"line":1,"column":-2},"end":{"line":1,"column":-2}},{"start":{"line":1,"column":-2},"end":{"line":1,"column":-2}}]},"2":{"line":1,"type":"if","locations":[{"start":{"line":1,"column":50},"end":{"line":1,"column":50}},{"start":{"line":1,"column":50},"end":{"line":1,"column":50}}]},"3":{"line":1,"type":"binary-expr","locations":[{"start":{"line":1,"column":68},"end":{"line":1,"column":93}},{"start":{"line":1,"column":95},"end":{"line":1,"column":105}}]},"4":{"line":1,"type":"cond-expr","locations":[{"start":{"line":1,"column":154},"end":{"line":1,"column":162}},{"start":{"line":1,"column":163},"end":{"line":1,"column":233}}]},"5":{"line":1,"type":"cond-expr","locations":[{"start":{"line":1,"column":190},"end":{"line":1,"column":198}},{"start":{"line":1,"column":199},"end":{"line":1,"column":233}}]},"6":{"line":1,"type":"binary-expr","locations":[{"start":{"line":1,"column":199},"end":{"line":1,"column":223}},{"start":{"line":1,"column":226},"end":{"line":1,"column":232}}]},"7":{"line":1,"type":"if","locations":[{"start":{"line":1,"column":319},"end":{"line":1,"column":319}},{"start":{"line":1,"column":319},"end":{"line":1,"column":319}}]},"8":{"line":1,"type":"if","locations":[{"start":{"line":1,"column":329},"end":{"line":1,"column":329}},{"start":{"line":1,"column":329},"end":{"line":1,"column":329}}]},"9":{"line":1,"type":"binary-expr","locations":[{"start":{"line":1,"column":360},"end":{"line":1,"column":386}},{"start":{"line":1,"column":388},"end":{"line":1,"column":395}}]},"10":{"line":1,"type":"if","locations":[{"start":{"line":1,"column":381},"end":{"line":1,"column":381}},{"start":{"line":1,"column":381},"end":{"line":1,"column":381}}]},"11":{"line":1,"type":"binary-expr","locations":[{"start":{"line":1,"column":399},"end":{"line":1,"column":401}},{"start":{"line":1,"column":403},"end":{"line":1,"column":404}}]},"12":{"line":1,"type":"if","locations":[{"start":{"line":1,"column":405},"end":{"line":1,"column":405}},{"start":{"line":1,"column":405},"end":{"line":1,"column":405}}]},"13":{"line":1,"type":"cond-expr","locations":[{"start":{"line":1,"column":573},"end":{"line":1,"column":574}},{"start":{"line":1,"column":575},"end":{"line":1,"column":576}}]},"14":{"line":1,"type":"binary-expr","locations":[{"start":{"line":1,"column":626},"end":{"line":1,"column":652}},{"start":{"line":1,"column":654},"end":{"line":1,"column":661}}]},"15":{"line":17,"type":"if","locations":[{"start":{"line":17,"column":0},"end":{"line":17,"column":0}},{"start":{"line":17,"column":0},"end":{"line":17,"column":0}}]},"16":{"line":48,"type":"cond-expr","locations":[{"start":{"line":48,"column":50},"end":{"line":48,"column":58}},{"start":{"line":48,"column":61},"end":{"line":50,"column":3}}]},"17":{"line":84,"type":"if","locations":[{"start":{"line":84,"column":2},"end":{"line":84,"column":2}},{"start":{"line":84,"column":2},"end":{"line":84,"column":2}}]},"18":{"line":84,"type":"binary-expr","locations":[{"start":{"line":84,"column":6},"end":{"line":84,"column":29}},{"start":{"line":84,"column":33},"end":{"line":84,"column":61}}]},"19":{"line":85,"type":"cond-expr","locations":[{"start":{"line":85,"column":34},"end":{"line":85,"column":38}},{"start":{"line":85,"column":41},"end":{"line":85,"column":48}}]},"20":{"line":86,"type":"cond-expr","locations":[{"start":{"line":86,"column":21},"end":{"line":86,"column":46}},{"start":{"line":86,"column":49},"end":{"line":86,"column":58}}]},"21":{"line":89,"type":"if","locations":[{"start":{"line":89,"column":4},"end":{"line":89,"column":4}},{"start":{"line":89,"column":4},"end":{"line":89,"column":4}}]},"22":{"line":150,"type":"if","locations":[{"start":{"line":150,"column":2},"end":{"line":150,"column":2}},{"start":{"line":150,"column":2},"end":{"line":150,"column":2}}]},"23":{"line":151,"type":"if","locations":[{"start":{"line":151,"column":4},"end":{"line":151,"column":4}},{"start":{"line":151,"column":4},"end":{"line":151,"column":4}}]},"24":{"line":154,"type":"if","locations":[{"start":{"line":154,"column":6},"end":{"line":154,"column":6}},{"start":{"line":154,"column":6},"end":{"line":154,"column":6}}]},"25":{"line":157,"type":"cond-expr","locations":[{"start":{"line":157,"column":53},"end":{"line":157,"column":69}},{"start":{"line":157,"column":72},"end":{"line":157,"column":79}}]},"26":{"line":164,"type":"cond-expr","locations":[{"start":{"line":164,"column":26},"end":{"line":164,"column":33}},{"start":{"line":164,"column":36},"end":{"line":164,"column":50}}]},"27":{"line":171,"type":"if","locations":[{"start":{"line":171,"column":2},"end":{"line":171,"column":2}},{"start":{"line":171,"column":2},"end":{"line":171,"column":2}}]},"28":{"line":172,"type":"if","locations":[{"start":{"line":172,"column":4},"end":{"line":172,"column":4}},{"start":{"line":172,"column":4},"end":{"line":172,"column":4}}]},"29":{"line":175,"type":"if","locations":[{"start":{"line":175,"column":6},"end":{"line":175,"column":6}},{"start":{"line":175,"column":6},"end":{"line":175,"column":6}}]},"30":{"line":178,"type":"cond-expr","locations":[{"start":{"line":178,"column":53},"end":{"line":178,"column":69}},{"start":{"line":178,"column":72},"end":{"line":178,"column":79}}]},"31":{"line":185,"type":"cond-expr","locations":[{"start":{"line":185,"column":26},"end":{"line":185,"column":33}},{"start":{"line":185,"column":36},"end":{"line":185,"column":50}}]},"32":{"line":192,"type":"if","locations":[{"start":{"line":192,"column":2},"end":{"line":192,"column":2}},{"start":{"line":192,"column":2},"end":{"line":192,"column":2}}]},"33":{"line":193,"type":"if","locations":[{"start":{"line":193,"column":4},"end":{"line":193,"column":4}},{"start":{"line":193,"column":4},"end":{"line":193,"column":4}}]},"34":{"line":196,"type":"if","locations":[{"start":{"line":196,"column":6},"end":{"line":196,"column":6}},{"start":{"line":196,"column":6},"end":{"line":196,"column":6}}]},"35":{"line":199,"type":"cond-expr","locations":[{"start":{"line":199,"column":53},"end":{"line":199,"column":69}},{"start":{"line":199,"column":72},"end":{"line":199,"column":79}}]},"36":{"line":206,"type":"cond-expr","locations":[{"start":{"line":206,"column":26},"end":{"line":206,"column":33}},{"start":{"line":206,"column":36},"end":{"line":206,"column":50}}]},"37":{"line":213,"type":"if","locations":[{"start":{"line":213,"column":2},"end":{"line":213,"column":2}},{"start":{"line":213,"column":2},"end":{"line":213,"column":2}}]},"38":{"line":215,"type":"if","locations":[{"start":{"line":215,"column":9},"end":{"line":215,"column":9}},{"start":{"line":215,"column":9},"end":{"line":215,"column":9}}]},"39":{"line":217,"type":"if","locations":[{"start":{"line":217,"column":9},"end":{"line":217,"column":9}},{"start":{"line":217,"column":9},"end":{"line":217,"column":9}}]},"40":{"line":243,"type":"cond-expr","locations":[{"start":{"line":243,"column":46},"end":{"line":243,"column":56}},{"start":{"line":243,"column":59},"end":{"line":243,"column":66}}]},"41":{"line":249,"type":"if","locations":[{"start":{"line":249,"column":4},"end":{"line":249,"column":4}},{"start":{"line":249,"column":4},"end":{"line":249,"column":4}}]},"42":{"line":274,"type":"if","locations":[{"start":{"line":274,"column":2},"end":{"line":274,"column":2}},{"start":{"line":274,"column":2},"end":{"line":274,"column":2}}]},"43":{"line":279,"type":"binary-expr","locations":[{"start":{"line":279,"column":14},"end":{"line":279,"column":22}},{"start":{"line":279,"column":26},"end":{"line":279,"column":30}}]},"44":{"line":280,"type":"binary-expr","locations":[{"start":{"line":280,"column":18},"end":{"line":280,"column":26}},{"start":{"line":280,"column":30},"end":{"line":280,"column":34}}]},"45":{"line":283,"type":"if","locations":[{"start":{"line":283,"column":4},"end":{"line":283,"column":4}},{"start":{"line":283,"column":4},"end":{"line":283,"column":4}}]},"46":{"line":286,"type":"binary-expr","locations":[{"start":{"line":286,"column":55},"end":{"line":286,"column":65}},{"start":{"line":286,"column":69},"end":{"line":286,"column":74}}]},"47":{"line":298,"type":"if","locations":[{"start":{"line":298,"column":2},"end":{"line":298,"column":2}},{"start":{"line":298,"column":2},"end":{"line":298,"column":2}}]},"48":{"line":302,"type":"if","locations":[{"start":{"line":302,"column":2},"end":{"line":302,"column":2}},{"start":{"line":302,"column":2},"end":{"line":302,"column":2}}]},"49":{"line":309,"type":"if","locations":[{"start":{"line":309,"column":4},"end":{"line":309,"column":4}},{"start":{"line":309,"column":4},"end":{"line":309,"column":4}}]},"50":{"line":309,"type":"binary-expr","locations":[{"start":{"line":309,"column":8},"end":{"line":309,"column":18}},{"start":{"line":309,"column":22},"end":{"line":309,"column":32}},{"start":{"line":309,"column":36},"end":{"line":309,"column":45}},{"start":{"line":309,"column":49},"end":{"line":309,"column":57}}]},"51":{"line":311,"type":"binary-expr","locations":[{"start":{"line":311,"column":72},"end":{"line":311,"column":82}},{"start":{"line":311,"column":86},"end":{"line":311,"column":91}}]},"52":{"line":316,"type":"binary-expr","locations":[{"start":{"line":316,"column":17},"end":{"line":316,"column":27}},{"start":{"line":316,"column":31},"end":{"line":316,"column":59}},{"start":{"line":316,"column":65},"end":{"line":316,"column":75}},{"start":{"line":316,"column":79},"end":{"line":316,"column":107}},{"start":{"line":316,"column":113},"end":{"line":316,"column":121}},{"start":{"line":316,"column":125},"end":{"line":316,"column":149}},{"start":{"line":316,"column":155},"end":{"line":316,"column":164}},{"start":{"line":316,"column":168},"end":{"line":316,"column":194}}]},"53":{"line":318,"type":"binary-expr","locations":[{"start":{"line":318,"column":72},"end":{"line":318,"column":82}},{"start":{"line":318,"column":86},"end":{"line":318,"column":91}}]},"54":{"line":321,"type":"if","locations":[{"start":{"line":321,"column":6},"end":{"line":321,"column":6}},{"start":{"line":321,"column":6},"end":{"line":321,"column":6}}]},"55":{"line":335,"type":"cond-expr","locations":[{"start":{"line":335,"column":43},"end":{"line":335,"column":55}},{"start":{"line":335,"column":58},"end":{"line":339,"column":3}}]},"56":{"line":342,"type":"if","locations":[{"start":{"line":342,"column":4},"end":{"line":342,"column":4}},{"start":{"line":342,"column":4},"end":{"line":342,"column":4}}]},"57":{"line":342,"type":"binary-expr","locations":[{"start":{"line":342,"column":8},"end":{"line":342,"column":23}},{"start":{"line":342,"column":27},"end":{"line":342,"column":56}},{"start":{"line":342,"column":60},"end":{"line":342,"column":89}}]},"58":{"line":351,"type":"if","locations":[{"start":{"line":351,"column":2},"end":{"line":351,"column":2}},{"start":{"line":351,"column":2},"end":{"line":351,"column":2}}]},"59":{"line":351,"type":"binary-expr","locations":[{"start":{"line":351,"column":6},"end":{"line":351,"column":24}},{"start":{"line":351,"column":28},"end":{"line":351,"column":48}}]},"60":{"line":355,"type":"if","locations":[{"start":{"line":355,"column":2},"end":{"line":355,"column":2}},{"start":{"line":355,"column":2},"end":{"line":355,"column":2}}]},"61":{"line":357,"type":"if","locations":[{"start":{"line":357,"column":9},"end":{"line":357,"column":9}},{"start":{"line":357,"column":9},"end":{"line":357,"column":9}}]},"62":{"line":363,"type":"cond-expr","locations":[{"start":{"line":363,"column":43},"end":{"line":363,"column":55}},{"start":{"line":363,"column":58},"end":{"line":363,"column":60}}]},"63":{"line":377,"type":"if","locations":[{"start":{"line":377,"column":2},"end":{"line":377,"column":2}},{"start":{"line":377,"column":2},"end":{"line":377,"column":2}}]},"64":{"line":378,"type":"cond-expr","locations":[{"start":{"line":378,"column":54},"end":{"line":378,"column":58}},{"start":{"line":378,"column":61},"end":{"line":378,"column":77}}]},"65":{"line":381,"type":"binary-expr","locations":[{"start":{"line":381,"column":9},"end":{"line":381,"column":22}},{"start":{"line":381,"column":27},"end":{"line":381,"column":45}}]},"66":{"line":385,"type":"if","locations":[{"start":{"line":385,"column":2},"end":{"line":385,"column":2}},{"start":{"line":385,"column":2},"end":{"line":385,"column":2}}]},"67":{"line":392,"type":"binary-expr","locations":[{"start":{"line":392,"column":20},"end":{"line":392,"column":33}},{"start":{"line":392,"column":37},"end":{"line":392,"column":49}}]},"68":{"line":393,"type":"if","locations":[{"start":{"line":393,"column":2},"end":{"line":393,"column":2}},{"start":{"line":393,"column":2},"end":{"line":393,"column":2}}]},"69":{"line":394,"type":"if","locations":[{"start":{"line":394,"column":4},"end":{"line":394,"column":4}},{"start":{"line":394,"column":4},"end":{"line":394,"column":4}}]},"70":{"line":402,"type":"cond-expr","locations":[{"start":{"line":402,"column":45},"end":{"line":402,"column":57}},{"start":{"line":402,"column":60},"end":{"line":406,"column":5}}]},"71":{"line":411,"type":"binary-expr","locations":[{"start":{"line":411,"column":26},"end":{"line":411,"column":44}},{"start":{"line":411,"column":48},"end":{"line":411,"column":76}}]},"72":{"line":417,"type":"if","locations":[{"start":{"line":417,"column":2},"end":{"line":417,"column":2}},{"start":{"line":417,"column":2},"end":{"line":417,"column":2}}]},"73":{"line":444,"type":"if","locations":[{"start":{"line":444,"column":2},"end":{"line":444,"column":2}},{"start":{"line":444,"column":2},"end":{"line":444,"column":2}}]},"74":{"line":445,"type":"cond-expr","locations":[{"start":{"line":445,"column":34},"end":{"line":445,"column":38}},{"start":{"line":445,"column":41},"end":{"line":445,"column":48}}]},"75":{"line":446,"type":"cond-expr","locations":[{"start":{"line":446,"column":21},"end":{"line":446,"column":38}},{"start":{"line":446,"column":41},"end":{"line":446,"column":50}}]},"76":{"line":477,"type":"cond-expr","locations":[{"start":{"line":477,"column":45},"end":{"line":477,"column":57}},{"start":{"line":477,"column":60},"end":{"line":477,"column":64}}]},"77":{"line":480,"type":"if","locations":[{"start":{"line":480,"column":2},"end":{"line":480,"column":2}},{"start":{"line":480,"column":2},"end":{"line":480,"column":2}}]},"78":{"line":483,"type":"if","locations":[{"start":{"line":483,"column":2},"end":{"line":483,"column":2}},{"start":{"line":483,"column":2},"end":{"line":483,"column":2}}]},"79":{"line":483,"type":"binary-expr","locations":[{"start":{"line":483,"column":6},"end":{"line":483,"column":16}},{"start":{"line":483,"column":20},"end":{"line":483,"column":28}}]},"80":{"line":486,"type":"if","locations":[{"start":{"line":486,"column":2},"end":{"line":486,"column":2}},{"start":{"line":486,"column":2},"end":{"line":486,"column":2}}]},"81":{"line":486,"type":"binary-expr","locations":[{"start":{"line":486,"column":6},"end":{"line":486,"column":15}},{"start":{"line":486,"column":19},"end":{"line":486,"column":28}}]},"82":{"line":491,"type":"binary-expr","locations":[{"start":{"line":491,"column":16},"end":{"line":491,"column":43}},{"start":{"line":491,"column":47},"end":{"line":491,"column":61}}]},"83":{"line":492,"type":"binary-expr","locations":[{"start":{"line":492,"column":20},"end":{"line":492,"column":51}},{"start":{"line":492,"column":55},"end":{"line":492,"column":73}}]},"84":{"line":494,"type":"if","locations":[{"start":{"line":494,"column":2},"end":{"line":494,"column":2}},{"start":{"line":494,"column":2},"end":{"line":494,"column":2}}]},"85":{"line":561,"type":"cond-expr","locations":[{"start":{"line":561,"column":44},"end":{"line":561,"column":56}},{"start":{"line":561,"column":59},"end":{"line":561,"column":67}}]},"86":{"line":563,"type":"if","locations":[{"start":{"line":563,"column":2},"end":{"line":563,"column":2}},{"start":{"line":563,"column":2},"end":{"line":563,"column":2}}]},"87":{"line":565,"type":"if","locations":[{"start":{"line":565,"column":9},"end":{"line":565,"column":9}},{"start":{"line":565,"column":9},"end":{"line":565,"column":9}}]},"88":{"line":567,"type":"if","locations":[{"start":{"line":567,"column":9},"end":{"line":567,"column":9}},{"start":{"line":567,"column":9},"end":{"line":567,"column":9}}]},"89":{"line":570,"type":"cond-expr","locations":[{"start":{"line":570,"column":44},"end":{"line":570,"column":75}},{"start":{"line":570,"column":78},"end":{"line":570,"column":115}}]},"90":{"line":570,"type":"cond-expr","locations":[{"start":{"line":570,"column":95},"end":{"line":570,"column":105}},{"start":{"line":570,"column":108},"end":{"line":570,"column":115}}]},"91":{"line":573,"type":"cond-expr","locations":[{"start":{"line":573,"column":22},"end":{"line":573,"column":32}},{"start":{"line":573,"column":35},"end":{"line":573,"column":51}}]},"92":{"line":579,"type":"cond-expr","locations":[{"start":{"line":579,"column":49},"end":{"line":579,"column":66}},{"start":{"line":579,"column":69},"end":{"line":579,"column":75}}]},"93":{"line":580,"type":"binary-expr","locations":[{"start":{"line":580,"column":17},"end":{"line":580,"column":32}},{"start":{"line":580,"column":36},"end":{"line":580,"column":59}},{"start":{"line":580,"column":63},"end":{"line":580,"column":89}},{"start":{"line":580,"column":93},"end":{"line":580,"column":122}},{"start":{"line":580,"column":126},"end":{"line":580,"column":151}},{"start":{"line":580,"column":155},"end":{"line":580,"column":179}}]},"94":{"line":587,"type":"if","locations":[{"start":{"line":587,"column":2},"end":{"line":587,"column":2}},{"start":{"line":587,"column":2},"end":{"line":587,"column":2}}]},"95":{"line":587,"type":"binary-expr","locations":[{"start":{"line":587,"column":6},"end":{"line":587,"column":22}},{"start":{"line":587,"column":26},"end":{"line":587,"column":37}}]},"96":{"line":588,"type":"if","locations":[{"start":{"line":588,"column":4},"end":{"line":588,"column":4}},{"start":{"line":588,"column":4},"end":{"line":588,"column":4}}]},"97":{"line":589,"type":"cond-expr","locations":[{"start":{"line":589,"column":46},"end":{"line":589,"column":53}},{"start":{"line":589,"column":56},"end":{"line":589,"column":64}}]},"98":{"line":590,"type":"cond-expr","locations":[{"start":{"line":590,"column":23},"end":{"line":590,"column":32}},{"start":{"line":590,"column":35},"end":{"line":590,"column":37}}]},"99":{"line":592,"type":"if","locations":[{"start":{"line":592,"column":4},"end":{"line":592,"column":4}},{"start":{"line":592,"column":4},"end":{"line":592,"column":4}}]},"100":{"line":600,"type":"if","locations":[{"start":{"line":600,"column":2},"end":{"line":600,"column":2}},{"start":{"line":600,"column":2},"end":{"line":600,"column":2}}]},"101":{"line":614,"type":"if","locations":[{"start":{"line":614,"column":2},"end":{"line":614,"column":2}},{"start":{"line":614,"column":2},"end":{"line":614,"column":2}}]},"102":{"line":649,"type":"if","locations":[{"start":{"line":649,"column":6},"end":{"line":649,"column":6}},{"start":{"line":649,"column":6},"end":{"line":649,"column":6}}]},"103":{"line":649,"type":"binary-expr","locations":[{"start":{"line":649,"column":10},"end":{"line":649,"column":19}},{"start":{"line":649,"column":24},"end":{"line":649,"column":32}},{"start":{"line":649,"column":36},"end":{"line":649,"column":60}}]},"104":{"line":659,"type":"if","locations":[{"start":{"line":659,"column":4},"end":{"line":659,"column":4}},{"start":{"line":659,"column":4},"end":{"line":659,"column":4}}]},"105":{"line":668,"type":"if","locations":[{"start":{"line":668,"column":4},"end":{"line":668,"column":4}},{"start":{"line":668,"column":4},"end":{"line":668,"column":4}}]},"106":{"line":668,"type":"binary-expr","locations":[{"start":{"line":668,"column":8},"end":{"line":668,"column":17}},{"start":{"line":668,"column":22},"end":{"line":668,"column":30}},{"start":{"line":668,"column":34},"end":{"line":668,"column":71}}]},"107":{"line":704,"type":"cond-expr","locations":[{"start":{"line":704,"column":62},"end":{"line":704,"column":71}},{"start":{"line":704,"column":74},"end":{"line":704,"column":81}}]},"108":{"line":704,"type":"binary-expr","locations":[{"start":{"line":704,"column":9},"end":{"line":704,"column":37}},{"start":{"line":704,"column":41},"end":{"line":704,"column":59}}]},"109":{"line":708,"type":"if","locations":[{"start":{"line":708,"column":2},"end":{"line":708,"column":2}},{"start":{"line":708,"column":2},"end":{"line":708,"column":2}}]},"110":{"line":722,"type":"if","locations":[{"start":{"line":722,"column":4},"end":{"line":722,"column":4}},{"start":{"line":722,"column":4},"end":{"line":722,"column":4}}]}}}}