TN:
SF:/home/travis/build/webpro/jquery-evergreen/dist/jquery-evergreen.js
FN:1,e
FN:1,s
FN:1,(anonymous_3)
FN:1,(anonymous_4)
FN:82,(anonymous_5)
FN:93,(anonymous_6)
FN:97,(anonymous_7)
FN:101,(anonymous_8)
FN:117,(anonymous_9)
FN:131,(anonymous_10)
FN:137,(anonymous_11)
FN:153,(anonymous_12)
FN:169,(anonymous_13)
FN:170,(anonymous_14)
FN:185,(anonymous_15)
FN:186,(anonymous_16)
FN:201,(anonymous_17)
FN:202,(anonymous_18)
FN:218,(anonymous_19)
FN:219,(anonymous_20)
FN:230,(anonymous_21)
FN:246,(anonymous_22)
FN:278,(anonymous_23)
FN:310,(anonymous_24)
FN:339,(anonymous_25)
FN:345,(anonymous_26)
FN:357,(anonymous_27)
FN:379,(anonymous_28)
FN:392,(anonymous_29)
FN:426,(anonymous_30)
FN:439,(anonymous_31)
FN:445,(anonymous_32)
FN:453,(anonymous_33)
FN:458,(anonymous_34)
FN:486,(anonymous_35)
FN:503,(anonymous_36)
FN:522,(anonymous_37)
FN:525,(anonymous_38)
FN:544,(anonymous_39)
FN:572,(anonymous_40)
FN:597,(anonymous_41)
FN:613,(anonymous_42)
FN:634,(anonymous_43)
FN:646,(anonymous_44)
FN:656,(anonymous_45)
FN:657,(anonymous_46)
FN:670,(anonymous_47)
FN:677,(anonymous_48)
FN:692,(anonymous_49)
FN:708,(anonymous_50)
FN:714,(anonymous_51)
FN:724,(anonymous_52)
FN:756,(anonymous_53)
FN:779,(anonymous_54)
FN:793,(anonymous_55)
FN:801,(anonymous_56)
FN:820,(anonymous_57)
FN:838,(anonymous_58)
FN:856,(anonymous_59)
FN:864,(anonymous_60)
FN:891,(anonymous_61)
FN:927,(anonymous_62)
FN:941,(anonymous_63)
FN:968,(anonymous_64)
FN:996,(anonymous_65)
FN:1016,(anonymous_66)
FN:1033,(anonymous_67)
FN:1047,(anonymous_68)
FN:1061,(anonymous_69)
FN:1077,(anonymous_70)
FN:1079,(anonymous_71)
FNF:71
FNH:69
FNDA:1,e
FNDA:33,s
FNDA:31,(anonymous_3)
FNDA:1,(anonymous_4)
FNDA:6,(anonymous_5)
FNDA:2,(anonymous_6)
FNDA:2,(anonymous_7)
FNDA:1,(anonymous_8)
FNDA:1,(anonymous_9)
FNDA:3,(anonymous_10)
FNDA:11,(anonymous_11)
FNDA:1,(anonymous_12)
FNDA:4,(anonymous_13)
FNDA:4,(anonymous_14)
FNDA:2,(anonymous_15)
FNDA:2,(anonymous_16)
FNDA:3,(anonymous_17)
FNDA:3,(anonymous_18)
FNDA:4,(anonymous_19)
FNDA:7,(anonymous_20)
FNDA:1,(anonymous_21)
FNDA:40,(anonymous_22)
FNDA:38,(anonymous_23)
FNDA:38,(anonymous_24)
FNDA:18,(anonymous_25)
FNDA:24,(anonymous_26)
FNDA:1,(anonymous_27)
FNDA:30,(anonymous_28)
FNDA:46,(anonymous_29)
FNDA:10,(anonymous_30)
FNDA:18,(anonymous_31)
FNDA:8,(anonymous_32)
FNDA:65,(anonymous_33)
FNDA:19,(anonymous_34)
FNDA:10,(anonymous_35)
FNDA:4,(anonymous_36)
FNDA:24,(anonymous_37)
FNDA:36,(anonymous_38)
FNDA:35,(anonymous_39)
FNDA:2,(anonymous_40)
FNDA:64,(anonymous_41)
FNDA:1,(anonymous_42)
FNDA:13,(anonymous_43)
FNDA:1,(anonymous_44)
FNDA:1,(anonymous_45)
FNDA:29,(anonymous_46)
FNDA:1,(anonymous_47)
FNDA:0,(anonymous_48)
FNDA:1,(anonymous_49)
FNDA:2,(anonymous_50)
FNDA:1,(anonymous_51)
FNDA:1,(anonymous_52)
FNDA:3,(anonymous_53)
FNDA:51,(anonymous_54)
FNDA:51,(anonymous_55)
FNDA:1,(anonymous_56)
FNDA:1,(anonymous_57)
FNDA:1,(anonymous_58)
FNDA:1,(anonymous_59)
FNDA:1,(anonymous_60)
FNDA:106,(anonymous_61)
FNDA:2,(anonymous_62)
FNDA:59,(anonymous_63)
FNDA:15,(anonymous_64)
FNDA:105,(anonymous_65)
FNDA:1,(anonymous_66)
FNDA:0,(anonymous_67)
FNDA:31,(anonymous_68)
FNDA:95,(anonymous_69)
FNDA:1,(anonymous_70)
FNDA:1,(anonymous_71)
DA:1,33
DA:11,1
DA:15,1
DA:16,1
DA:20,1
DA:21,1
DA:22,1
DA:23,1
DA:24,1
DA:25,1
DA:26,1
DA:27,1
DA:31,1
DA:32,1
DA:33,1
DA:34,1
DA:35,1
DA:36,1
DA:40,1
DA:41,1
DA:42,1
DA:43,1
DA:44,1
DA:45,1
DA:46,1
DA:47,1
DA:48,1
DA:49,1
DA:53,1
DA:54,1
DA:58,1
DA:59,1
DA:60,1
DA:64,1
DA:65,1
DA:66,1
DA:67,1
DA:71,1
DA:72,1
DA:80,1
DA:82,1
DA:83,6
DA:93,1
DA:94,2
DA:97,1
DA:98,2
DA:101,1
DA:103,1
DA:106,1
DA:107,15
DA:110,1
DA:116,1
DA:121,1
DA:131,1
DA:133,3
DA:134,0
DA:137,3
DA:138,11
DA:139,5
DA:140,10
DA:143,6
DA:147,3
DA:152,1
DA:157,1
DA:158,1
DA:169,1
DA:170,4
DA:171,4
DA:173,4
DA:185,1
DA:186,2
DA:187,2
DA:189,2
DA:201,1
DA:202,3
DA:203,3
DA:205,3
DA:218,1
DA:219,4
DA:220,7
DA:226,1
DA:227,1
DA:228,1
DA:229,1
DA:234,1
DA:246,1
DA:247,40
DA:248,23
DA:249,15
DA:251,8
DA:252,0
DA:254,8
DA:255,8
DA:259,17
DA:260,17
DA:261,23
DA:262,23
DA:265,40
DA:278,1
DA:279,38
DA:280,30
DA:281,6
DA:283,24
DA:284,16
DA:286,8
DA:287,8
DA:291,8
DA:292,8
DA:293,14
DA:294,14
DA:297,38
DA:310,1
DA:311,38
DA:312,30
DA:313,6
DA:315,24
DA:316,16
DA:318,8
DA:319,8
DA:323,8
DA:324,8
DA:325,14
DA:326,14
DA:329,38
DA:339,1
DA:340,18
DA:341,6
DA:342,12
DA:343,0
DA:344,12
DA:345,12
DA:346,24
DA:349,0
DA:354,1
DA:355,1
DA:356,1
DA:361,1
DA:362,1
DA:379,1
DA:381,30
DA:382,17
DA:383,17
DA:386,30
DA:387,30
DA:388,30
DA:390,30
DA:392,30
DA:394,46
DA:395,21
DA:398,46
DA:400,46
DA:409,30
DA:426,1
DA:428,10
DA:429,3
DA:430,3
DA:433,10
DA:434,9
DA:435,9
DA:436,9
DA:439,10
DA:441,18
DA:443,18
DA:445,1
DA:446,8
DA:449,1
DA:453,17
DA:454,65
DA:459,19
DA:460,19
DA:463,17
DA:464,0
DA:470,10
DA:486,1
DA:487,10
DA:503,1
DA:504,4
DA:522,1
DA:523,24
DA:524,24
DA:525,24
DA:526,36
DA:527,34
DA:529,2
DA:532,24
DA:544,1
DA:545,35
DA:546,0
DA:548,35
DA:549,35
DA:550,35
DA:551,0
DA:552,0
DA:554,0
DA:572,1
DA:573,2
DA:574,2
DA:575,2
DA:576,2
DA:577,2
DA:578,4
DA:579,4
DA:592,1
DA:593,1
DA:594,1
DA:595,1
DA:597,1
DA:598,64
DA:599,9
DA:601,64
DA:602,64
DA:613,1
DA:614,1
DA:615,1
DA:616,1
DA:617,1
DA:618,1
DA:634,1
DA:635,13
DA:636,13
DA:637,13
DA:638,0
DA:640,13
DA:646,1
DA:647,1
DA:648,1
DA:656,1
DA:657,1
DA:658,29
DA:659,29
DA:660,29
DA:661,29
DA:664,1
DA:665,1
DA:670,1
DA:671,1
DA:673,1
DA:674,1
DA:676,1
DA:677,1
DA:678,0
DA:680,1
DA:682,1
DA:687,1
DA:688,1
DA:689,1
DA:690,1
DA:691,1
DA:696,1
DA:708,1
DA:710,2
DA:711,1
DA:714,1
DA:715,1
DA:717,1
DA:723,1
DA:752,1
DA:754,1
DA:756,1
DA:757,3
DA:758,3
DA:759,3
DA:760,3
DA:762,3
DA:763,1
DA:765,3
DA:766,1
DA:768,3
DA:771,1
DA:779,1
DA:780,51
DA:781,36
DA:793,1
DA:794,51
DA:801,1
DA:803,1
DA:805,1
DA:806,15
DA:807,15
DA:810,1
DA:811,21
DA:820,1
DA:822,1
DA:824,1
DA:825,15
DA:826,15
DA:829,1
DA:830,21
DA:836,1
DA:837,1
DA:840,1
DA:851,1
DA:856,1
DA:857,1
DA:858,1
DA:863,1
DA:870,1
DA:872,1
DA:891,1
DA:893,106
DA:895,106
DA:897,5
DA:899,101
DA:901,27
DA:903,74
DA:905,15
DA:909,59
DA:911,59
DA:915,106
DA:927,1
DA:928,2
DA:941,1
DA:943,59
DA:945,59
DA:946,37
DA:947,16
DA:949,21
DA:950,19
DA:952,2
DA:955,22
DA:968,1
DA:970,15
DA:971,0
DA:974,15
DA:978,15
DA:980,15
DA:981,27
DA:984,15
DA:996,1
DA:998,105
DA:1001,105
DA:1002,105
DA:1004,0
DA:1005,0
DA:1009,105
DA:1014,1
DA:1015,1
DA:1022,1
DA:1033,1
DA:1034,0
DA:1047,1
DA:1048,31
DA:1061,1
DA:1062,95
DA:1063,95
DA:1064,95
DA:1065,148
DA:1068,0
DA:1070,95
DA:1073,1
DA:1074,1
DA:1075,1
DA:1076,1
DA:1078,1
DA:1093,1
DA:1095,1
DA:1096,1
LF:357
LH:341
BRDA:1,1,0,12
BRDA:1,1,1,21
BRDA:1,2,0,0
BRDA:1,2,1,12
BRDA:1,3,0,0
BRDA:1,3,1,0
BRDA:1,4,0,0
BRDA:1,4,1,0
BRDA:1,5,0,0
BRDA:1,5,1,0
BRDA:1,6,0,0
BRDA:1,6,1,0
BRDA:1,7,0,30
BRDA:1,7,1,1
BRDA:1,8,0,1
BRDA:1,8,1,0
BRDA:133,9,0,0
BRDA:133,9,1,3
BRDA:133,10,0,3
BRDA:133,10,1,2
BRDA:134,11,0,0
BRDA:134,11,1,0
BRDA:138,12,0,5
BRDA:138,12,1,6
BRDA:247,13,0,23
BRDA:247,13,1,17
BRDA:248,14,0,15
BRDA:248,14,1,8
BRDA:251,15,0,0
BRDA:251,15,1,8
BRDA:254,16,0,0
BRDA:254,16,1,8
BRDA:261,17,0,17
BRDA:261,17,1,6
BRDA:279,18,0,30
BRDA:279,18,1,8
BRDA:280,19,0,6
BRDA:280,19,1,24
BRDA:283,20,0,16
BRDA:283,20,1,8
BRDA:286,21,0,0
BRDA:286,21,1,8
BRDA:293,22,0,8
BRDA:293,22,1,6
BRDA:311,23,0,30
BRDA:311,23,1,8
BRDA:312,24,0,6
BRDA:312,24,1,24
BRDA:315,25,0,16
BRDA:315,25,1,8
BRDA:318,26,0,0
BRDA:318,26,1,8
BRDA:325,27,0,8
BRDA:325,27,1,6
BRDA:340,28,0,6
BRDA:340,28,1,12
BRDA:342,29,0,0
BRDA:342,29,1,12
BRDA:344,30,0,12
BRDA:344,30,1,0
BRDA:381,31,0,17
BRDA:381,31,1,13
BRDA:387,32,0,30
BRDA:387,32,1,0
BRDA:388,33,0,30
BRDA:388,33,1,26
BRDA:394,34,0,21
BRDA:394,34,1,25
BRDA:398,35,0,46
BRDA:398,35,1,46
BRDA:428,36,0,3
BRDA:428,36,1,7
BRDA:433,37,0,9
BRDA:433,37,1,1
BRDA:441,38,0,18
BRDA:441,38,1,0
BRDA:443,39,0,1
BRDA:443,39,1,17
BRDA:443,40,0,18
BRDA:443,40,1,1
BRDA:443,40,2,1
BRDA:443,40,3,1
BRDA:446,41,0,8
BRDA:446,41,1,8
BRDA:454,42,0,65
BRDA:454,42,1,65
BRDA:454,42,2,19
BRDA:454,42,3,1
BRDA:454,42,4,19
BRDA:454,42,5,18
BRDA:454,42,6,19
BRDA:454,42,7,11
BRDA:459,43,0,19
BRDA:459,43,1,19
BRDA:463,44,0,0
BRDA:463,44,1,17
BRDA:523,45,0,24
BRDA:523,45,1,23
BRDA:526,46,0,34
BRDA:526,46,1,2
BRDA:526,47,0,36
BRDA:526,47,1,35
BRDA:526,47,2,35
BRDA:545,48,0,0
BRDA:545,48,1,35
BRDA:545,49,0,35
BRDA:545,49,1,35
BRDA:549,50,0,35
BRDA:549,50,1,0
BRDA:551,51,0,0
BRDA:551,51,1,0
BRDA:573,52,0,2
BRDA:573,52,1,0
BRDA:598,53,0,9
BRDA:598,53,1,55
BRDA:599,54,0,9
BRDA:599,54,1,0
BRDA:602,55,0,64
BRDA:602,55,1,10
BRDA:615,56,0,1
BRDA:615,56,1,0
BRDA:635,57,0,13
BRDA:635,57,1,12
BRDA:636,58,0,13
BRDA:636,58,1,0
BRDA:637,59,0,0
BRDA:637,59,1,13
BRDA:647,60,0,1
BRDA:647,60,1,0
BRDA:648,61,0,1
BRDA:648,61,1,1
BRDA:648,61,2,1
BRDA:648,61,3,1
BRDA:648,61,4,0
BRDA:648,61,5,0
BRDA:658,62,0,29
BRDA:658,62,1,0
BRDA:664,63,0,1
BRDA:664,63,1,0
BRDA:673,64,0,1
BRDA:673,64,1,0
BRDA:710,65,0,1
BRDA:710,65,1,1
BRDA:711,66,0,0
BRDA:711,66,1,1
BRDA:758,67,0,2
BRDA:758,67,1,1
BRDA:759,68,0,3
BRDA:759,68,1,0
BRDA:762,69,0,1
BRDA:762,69,1,2
BRDA:762,70,0,3
BRDA:762,70,1,2
BRDA:765,71,0,1
BRDA:765,71,1,2
BRDA:765,72,0,3
BRDA:765,72,1,1
BRDA:771,73,0,1
BRDA:771,73,1,1
BRDA:772,74,0,1
BRDA:772,74,1,1
BRDA:780,75,0,36
BRDA:780,75,1,15
BRDA:895,76,0,5
BRDA:895,76,1,101
BRDA:899,77,0,27
BRDA:899,77,1,74
BRDA:903,78,0,15
BRDA:903,78,1,59
BRDA:909,79,0,3
BRDA:909,79,1,56
BRDA:909,80,0,0
BRDA:909,80,1,3
BRDA:909,81,0,2
BRDA:909,81,1,1
BRDA:915,82,0,1
BRDA:915,82,1,105
BRDA:945,83,0,37
BRDA:945,83,1,22
BRDA:945,84,0,59
BRDA:945,84,1,37
BRDA:946,85,0,16
BRDA:946,85,1,21
BRDA:947,86,0,15
BRDA:947,86,1,1
BRDA:949,87,0,19
BRDA:949,87,1,2
BRDA:970,88,0,0
BRDA:970,88,1,15
BRDA:998,89,0,42
BRDA:998,89,1,63
BRDA:998,90,0,47
BRDA:998,90,1,16
BRDA:1001,91,0,105
BRDA:1001,91,1,0
BRDA:1048,92,0,27
BRDA:1048,92,1,4
BRDA:1048,93,0,31
BRDA:1048,93,1,5
BRDA:1063,94,0,95
BRDA:1063,94,1,0
BRF:201
BRH:158
end_of_record
